GROUP,PACKAGE,CLASS,INSTRUCTION_MISSED,INSTRUCTION_COVERED,BRANCH_MISSED,BRANCH_COVERED,LINE_MISSED,LINE_COVERED,COMPLEXITY_MISSED,COMPLEXITY_COVERED,METHOD_MISSED,METHOD_COVERED
org.apache.xmlgraphics:xmlgraphics-commons,org.apache.xmlgraphics.ps.dsc.tools,DSCTools.__CLR4_4_1f2rf2rlde03aae,93,35,1,1,0,1,3,1,2,1
org.apache.xmlgraphics:xmlgraphics-commons,org.apache.xmlgraphics.ps.dsc.tools,PageExtractor.new DSCFilter() {...},56,0,12,0,6,0,8,0,2,0
org.apache.xmlgraphics:xmlgraphics-commons,org.apache.xmlgraphics.ps.dsc.tools,PageExtractor.__CLR4_4_1f4ff4flde03aae,128,0,2,0,1,0,4,0,3,0
org.apache.xmlgraphics:xmlgraphics-commons,org.apache.xmlgraphics.ps.dsc.tools,PageExtractor.__CLR4_4_1f4ff4flde03aae.new InvocationHandler() {...},39,0,2,0,1,0,3,0,2,0
org.apache.xmlgraphics:xmlgraphics-commons,org.apache.xmlgraphics.ps.dsc.tools,PageExtractor,411,0,84,0,40,0,45,0,3,0
org.apache.xmlgraphics:xmlgraphics-commons,org.apache.xmlgraphics.ps.dsc.tools,DSCTools,369,138,107,20,29,16,63,6,3,2
org.apache.xmlgraphics:xmlgraphics-commons,org.apache.xmlgraphics.ps.dsc.tools,DSCTools.__CLR4_4_1f2rf2rlde03aae.new InvocationHandler() {...},39,0,2,0,1,0,3,0,2,0
org.apache.xmlgraphics:xmlgraphics-commons,org.apache.xmlgraphics.xmp.schemas,XMPBasicAdapter.__CLR4_4_1h8vh8vlde03aps,93,35,1,1,0,1,3,1,2,1
org.apache.xmlgraphics:xmlgraphics-commons,org.apache.xmlgraphics.xmp.schemas,DublinCoreAdapter,349,290,14,10,69,55,32,20,22,18
org.apache.xmlgraphics:xmlgraphics-commons,org.apache.xmlgraphics.xmp.schemas,DublinCoreSchema,12,56,0,0,3,10,1,3,1,3
org.apache.xmlgraphics:xmlgraphics-commons,org.apache.xmlgraphics.xmp.schemas,XMPBasicSchema.__CLR4_4_1ha0ha0lde03aq7.new InvocationHandler() {...},39,0,2,0,1,0,3,0,2,0
org.apache.xmlgraphics:xmlgraphics-commons,org.apache.xmlgraphics.xmp.schemas,DublinCoreAdapter.__CLR4_4_1h65h65lde03aps,93,35,1,1,0,1,3,1,2,1
org.apache.xmlgraphics:xmlgraphics-commons,org.apache.xmlgraphics.xmp.schemas,DublinCoreAdapter.__CLR4_4_1h65h65lde03aps.new InvocationHandler() {...},39,0,2,0,1,0,3,0,2,0
org.apache.xmlgraphics:xmlgraphics-commons,org.apache.xmlgraphics.xmp.schemas,XMPBasicSchema,12,60,0,0,3,11,1,3,1,3
org.apache.xmlgraphics:xmlgraphics-commons,org.apache.xmlgraphics.xmp.schemas,DublinCoreSchema.__CLR4_4_1h8mh8mlde03aps,93,35,1,1,0,1,3,1,2,1
org.apache.xmlgraphics:xmlgraphics-commons,org.apache.xmlgraphics.xmp.schemas,DublinCoreSchema.__CLR4_4_1h8mh8mlde03aps.new InvocationHandler() {...},39,0,2,0,1,0,3,0,2,0
org.apache.xmlgraphics:xmlgraphics-commons,org.apache.xmlgraphics.xmp.schemas,XMPBasicAdapter,109,203,11,9,21,31,16,10,7,9
org.apache.xmlgraphics:xmlgraphics-commons,org.apache.xmlgraphics.xmp.schemas,XMPBasicAdapter.__CLR4_4_1h8vh8vlde03aps.new InvocationHandler() {...},39,0,2,0,1,0,3,0,2,0
org.apache.xmlgraphics:xmlgraphics-commons,org.apache.xmlgraphics.xmp.schemas,XMPBasicSchema.__CLR4_4_1ha0ha0lde03aq7,93,35,1,1,0,1,3,1,2,1
org.apache.xmlgraphics:xmlgraphics-commons,org.apache.xmlgraphics.image,GraphicsUtil.__CLR4_4_17n7nlde037kf,128,0,2,0,1,0,4,0,3,0
org.apache.xmlgraphics:xmlgraphics-commons,org.apache.xmlgraphics.image,GraphicsConstants.__CLR4_4_17m7mlde037g3,128,0,2,0,1,0,4,0,3,0
org.apache.xmlgraphics:xmlgraphics-commons,org.apache.xmlgraphics.image,GraphicsUtil.__CLR4_4_17n7nlde037kf.new InvocationHandler() {...},39,0,2,0,1,0,3,0,2,0
org.apache.xmlgraphics:xmlgraphics-commons,org.apache.xmlgraphics.image,GraphicsUtil,5984,0,1077,0,580,0,569,0,29,0
org.apache.xmlgraphics:xmlgraphics-commons,org.apache.xmlgraphics.image,GraphicsConstants.__CLR4_4_17m7mlde037g3.new InvocationHandler() {...},39,0,2,0,1,0,3,0,2,0
org.apache.xmlgraphics:xmlgraphics-commons,org.apache.xmlgraphics.image,GraphicsConstants,11,0,0,0,3,0,2,0,2,0
org.apache.xmlgraphics:xmlgraphics-commons,org.apache.xmlgraphics.xmp,XMPSchemaAdapter.__CLR4_4_1gv6gv6lde03ao1.new InvocationHandler() {...},39,0,2,0,1,0,3,0,2,0
org.apache.xmlgraphics:xmlgraphics-commons,org.apache.xmlgraphics.xmp,XMPArray.__CLR4_4_1gfjgfjlde03alf,93,35,1,1,0,1,3,1,2,1
org.apache.xmlgraphics:xmlgraphics-commons,org.apache.xmlgraphics.xmp,XMPProperty,455,454,118,40,43,60,80,18,6,13
org.apache.xmlgraphics:xmlgraphics-commons,org.apache.xmlgraphics.xmp,XMPSchema.__CLR4_4_1guvguvlde03anm,93,35,1,1,0,1,3,1,2,1
org.apache.xmlgraphics:xmlgraphics-commons,org.apache.xmlgraphics.xmp,Metadata.__CLR4_4_1gd7gd7lde03al0,93,35,1,1,0,1,3,1,2,1
org.apache.xmlgraphics:xmlgraphics-commons,org.apache.xmlgraphics.xmp,XMPSerializer,232,120,51,9,20,20,32,3,2,3
org.apache.xmlgraphics:xmlgraphics-commons,org.apache.xmlgraphics.xmp,XMPSerializer.__CLR4_4_1h34h34lde03aoh.new InvocationHandler() {...},39,0,2,0,1,0,3,0,2,0
org.apache.xmlgraphics:xmlgraphics-commons,org.apache.xmlgraphics.xmp,XMPPacketParser,426,0,82,0,50,0,46,0,5,0
org.apache.xmlgraphics:xmlgraphics-commons,org.apache.xmlgraphics.xmp,XMPArray.__CLR4_4_1gfjgfjlde03alf.new InvocationHandler() {...},39,0,2,0,1,0,3,0,2,0
org.apache.xmlgraphics:xmlgraphics-commons,org.apache.xmlgraphics.xmp,XMPArrayType.__CLR4_4_1gjcgjclde03alv,93,35,1,1,0,1,3,1,2,1
org.apache.xmlgraphics:xmlgraphics-commons,org.apache.xmlgraphics.xmp,XMPSchemaRegistry.__CLR4_4_1h2nh2nlde03ao1.new InvocationHandler() {...},39,0,2,0,1,0,3,0,2,0
org.apache.xmlgraphics:xmlgraphics-commons,org.apache.xmlgraphics.xmp,XMPHandler.__CLR4_4_1gjigjilde03amq.new InvocationHandler() {...},39,0,2,0,1,0,3,0,2,0
org.apache.xmlgraphics:xmlgraphics-commons,org.apache.xmlgraphics.xmp,XMPSchemaRegistry.__CLR4_4_1h2nh2nlde03ao1,93,35,1,1,0,1,3,1,2,1
org.apache.xmlgraphics:xmlgraphics-commons,org.apache.xmlgraphics.xmp,XMPStructure.__CLR4_4_1h4dh4dlde03aoh,93,35,1,1,0,1,3,1,2,1
org.apache.xmlgraphics:xmlgraphics-commons,org.apache.xmlgraphics.xmp,XMPComplexValue,0,3,0,0,0,1,0,1,0,1
org.apache.xmlgraphics:xmlgraphics-commons,org.apache.xmlgraphics.xmp,XMPConstants,0,8,0,0,0,1,0,1,0,1
org.apache.xmlgraphics:xmlgraphics-commons,org.apache.xmlgraphics.xmp,XMPPacketParser.__CLR4_4_1gprgprlde03amq.new InvocationHandler() {...},39,0,2,0,1,0,3,0,2,0
org.apache.xmlgraphics:xmlgraphics-commons,org.apache.xmlgraphics.xmp,XMPProperty.__CLR4_4_1grsgrslde03an6.new InvocationHandler() {...},39,0,2,0,1,0,3,0,2,0
org.apache.xmlgraphics:xmlgraphics-commons,org.apache.xmlgraphics.xmp,Metadata,198,475,63,41,19,58,51,12,4,7
org.apache.xmlgraphics:xmlgraphics-commons,org.apache.xmlgraphics.xmp,XMPSchemaAdapter,384,1771,231,223,15,193,198,54,1,24
org.apache.xmlgraphics:xmlgraphics-commons,org.apache.xmlgraphics.xmp,XMPParser.__CLR4_4_1gregrelde03an6.new InvocationHandler() {...},39,0,2,0,1,0,3,0,2,0
org.apache.xmlgraphics:xmlgraphics-commons,org.apache.xmlgraphics.xmp,XMPProperty.__CLR4_4_1grsgrslde03an6,93,35,1,1,0,1,3,1,2,1
org.apache.xmlgraphics:xmlgraphics-commons,org.apache.xmlgraphics.xmp,Metadata.__CLR4_4_1gd7gd7lde03al0.new InvocationHandler() {...},39,0,2,0,1,0,3,0,2,0
org.apache.xmlgraphics:xmlgraphics-commons,org.apache.xmlgraphics.xmp,XMPArrayType.__CLR4_4_1gjcgjclde03alv.new InvocationHandler() {...},39,0,2,0,1,0,3,0,2,0
org.apache.xmlgraphics:xmlgraphics-commons,org.apache.xmlgraphics.xmp,XMPHandler.__CLR4_4_1gjigjilde03amq,93,35,1,1,0,1,3,1,2,1
org.apache.xmlgraphics:xmlgraphics-commons,org.apache.xmlgraphics.xmp,XMPSchemaRegistry,0,139,0,0,0,25,0,6,0,6
org.apache.xmlgraphics:xmlgraphics-commons,org.apache.xmlgraphics.xmp,XMPArray,376,817,139,97,26,91,107,28,3,14
org.apache.xmlgraphics:xmlgraphics-commons,org.apache.xmlgraphics.xmp,XMPHandler,434,1478,201,193,26,145,170,40,0,13
org.apache.xmlgraphics:xmlgraphics-commons,org.apache.xmlgraphics.xmp,XMPStructure,63,161,0,2,12,29,4,9,4,8
org.apache.xmlgraphics:xmlgraphics-commons,org.apache.xmlgraphics.xmp,XMPPacketParser.__CLR4_4_1gprgprlde03amq,128,0,2,0,1,0,4,0,3,0
org.apache.xmlgraphics:xmlgraphics-commons,org.apache.xmlgraphics.xmp,XMPArrayType,20,45,0,0,3,10,1,3,1,3
org.apache.xmlgraphics:xmlgraphics-commons,org.apache.xmlgraphics.xmp,XMPStructure.__CLR4_4_1h4dh4dlde03aoh.new InvocationHandler() {...},39,0,2,0,1,0,3,0,2,0
org.apache.xmlgraphics:xmlgraphics-commons,org.apache.xmlgraphics.xmp,XMPParser,8,92,0,0,2,17,1,4,1,4
org.apache.xmlgraphics:xmlgraphics-commons,org.apache.xmlgraphics.xmp,XMPSerializer.__CLR4_4_1h34h34lde03aoh,93,35,1,1,0,1,3,1,2,1
org.apache.xmlgraphics:xmlgraphics-commons,org.apache.xmlgraphics.xmp,XMPSchemaAdapter.__CLR4_4_1gv6gv6lde03ao1,93,35,1,1,0,1,3,1,2,1
org.apache.xmlgraphics:xmlgraphics-commons,org.apache.xmlgraphics.xmp,XMPSchema,29,53,0,0,6,12,2,4,2,4
org.apache.xmlgraphics:xmlgraphics-commons,org.apache.xmlgraphics.xmp,XMPParser.__CLR4_4_1gregrelde03an6,93,35,1,1,0,1,3,1,2,1
org.apache.xmlgraphics:xmlgraphics-commons,org.apache.xmlgraphics.xmp,XMPSchema.__CLR4_4_1guvguvlde03anm.new InvocationHandler() {...},39,0,2,0,1,0,3,0,2,0
org.apache.xmlgraphics:xmlgraphics-commons,org.apache.xmlgraphics.java2d.color.profile,NamedColorProfileParser.__CLR4_4_1c2zc2zlde039r4,93,35,1,1,0,1,3,1,2,1
org.apache.xmlgraphics:xmlgraphics-commons,org.apache.xmlgraphics.java2d.color.profile,NamedColorProfileParser,218,656,52,39,19,86,43,17,1,13
org.apache.xmlgraphics:xmlgraphics-commons,org.apache.xmlgraphics.java2d.color.profile,ColorProfileUtil,267,122,45,15,30,14,35,3,5,3
org.apache.xmlgraphics:xmlgraphics-commons,org.apache.xmlgraphics.java2d.color.profile,NamedColorProfile.__CLR4_4_1c25c25lde039qo,93,35,1,1,0,1,3,1,2,1
org.apache.xmlgraphics:xmlgraphics-commons,org.apache.xmlgraphics.java2d.color.profile,ColorProfileUtil.__CLR4_4_1c0uc0ulde039q9.new InvocationHandler() {...},39,0,2,0,1,0,3,0,2,0
org.apache.xmlgraphics:xmlgraphics-commons,org.apache.xmlgraphics.java2d.color.profile,NamedColorProfile,135,109,22,0,13,22,13,6,2,6
org.apache.xmlgraphics:xmlgraphics-commons,org.apache.xmlgraphics.java2d.color.profile,NamedColorProfileParser.__CLR4_4_1c2zc2zlde039r4.new InvocationHandler() {...},39,0,2,0,1,0,3,0,2,0
org.apache.xmlgraphics:xmlgraphics-commons,org.apache.xmlgraphics.java2d.color.profile,NamedColorProfile.__CLR4_4_1c25c25lde039qo.new InvocationHandler() {...},39,0,2,0,1,0,3,0,2,0
org.apache.xmlgraphics:xmlgraphics-commons,org.apache.xmlgraphics.java2d.color.profile,ColorProfileUtil.__CLR4_4_1c0uc0ulde039q9,93,35,1,1,0,1,3,1,2,1
org.apache.xmlgraphics:xmlgraphics-commons,org.apache.xmlgraphics.image.loader.impl,JPEGFile.__CLR4_4_18fo8folde0390n.new InvocationHandler() {...},39,0,2,0,1,0,3,0,2,0
org.apache.xmlgraphics:xmlgraphics-commons,org.apache.xmlgraphics.image.loader.impl,DefaultImageSessionContext.__CLR4_4_17rs7rslde038u5,93,35,1,1,0,1,3,1,2,1
org.apache.xmlgraphics:xmlgraphics-commons,org.apache.xmlgraphics.image.loader.impl,ImageRawCCITTFax.__CLR4_4_18b58b5lde038yw.new InvocationHandler() {...},39,0,2,0,1,0,3,0,2,0
org.apache.xmlgraphics:xmlgraphics-commons,org.apache.xmlgraphics.image.loader.impl,ImageLoaderFactoryRaw.__CLR4_4_17z57z5lde038wb.new InvocationHandler() {...},39,0,2,0,1,0,3,0,2,0
org.apache.xmlgraphics:xmlgraphics-commons,org.apache.xmlgraphics.image.loader.impl,PreloaderJPEG,389,1023,164,93,21,127,123,14,0,4
org.apache.xmlgraphics:xmlgraphics-commons,org.apache.xmlgraphics.image.loader.impl,ImageConverterBuffered2Rendered.__CLR4_4_17tb7tblde038uk.new InvocationHandler() {...},39,0,2,0,1,0,3,0,2,0
org.apache.xmlgraphics:xmlgraphics-commons,org.apache.xmlgraphics.image.loader.impl,PreloaderEPS.__CLR4_4_18oi8oilde0392d,93,35,1,1,0,1,3,1,2,1
org.apache.xmlgraphics:xmlgraphics-commons,org.apache.xmlgraphics.image.loader.impl,AbstractImageLoader,33,60,11,3,2,11,7,5,0,5
org.apache.xmlgraphics:xmlgraphics-commons,org.apache.xmlgraphics.image.loader.impl,AbstractImageLoaderFactory.__CLR4_4_17k97k9lde038su.new InvocationHandler() {...},39,0,2,0,1,0,3,0,2,0
org.apache.xmlgraphics:xmlgraphics-commons,org.apache.xmlgraphics.image.loader.impl,ImageLoaderFactoryPNG.__CLR4_4_17ys7yslde038vv.new InvocationHandler() {...},39,0,2,0,1,0,3,0,2,0
org.apache.xmlgraphics:xmlgraphics-commons,org.apache.xmlgraphics.image.loader.impl,ImageRawStream.SingleStreamFactory,19,94,7,3,1,19,5,5,0,5
org.apache.xmlgraphics:xmlgraphics-commons,org.apache.xmlgraphics.image.loader.impl,AbstractImageLoaderFactory,20,18,0,0,4,4,1,3,1,3
org.apache.xmlgraphics:xmlgraphics-commons,org.apache.xmlgraphics.image.loader.impl,AbstractImageConverter.__CLR4_4_17jr7jrlde038se.new InvocationHandler() {...},39,0,2,0,1,0,3,0,2,0
org.apache.xmlgraphics:xmlgraphics-commons,org.apache.xmlgraphics.image.loader.impl,PreloaderBMP,28,297,20,24,1,37,18,8,0,4
org.apache.xmlgraphics:xmlgraphics-commons,org.apache.xmlgraphics.image.loader.impl,ImageLoaderRawCCITTFax.FillOrderChangeInputStream,1190,0,30,0,17,0,19,0,4,0
org.apache.xmlgraphics:xmlgraphics-commons,org.apache.xmlgraphics.image.loader.impl,ImageConverterBitmap2G2D.Graphics2DImagePainterImpl,133,0,12,0,18,0,9,0,3,0
org.apache.xmlgraphics:xmlgraphics-commons,org.apache.xmlgraphics.image.loader.impl,ImageRawStream,78,130,14,8,11,21,11,9,2,7
org.apache.xmlgraphics:xmlgraphics-commons,org.apache.xmlgraphics.image.loader.impl,ImageConverterBitmap2G2D.__CLR4_4_17si7silde038uk,93,35,1,1,0,1,3,1,2,1
org.apache.xmlgraphics:xmlgraphics-commons,org.apache.xmlgraphics.image.loader.impl,AbstractImage.__CLR4_4_17jb7jblde038se,93,35,1,1,0,1,3,1,2,1
org.apache.xmlgraphics:xmlgraphics-commons,org.apache.xmlgraphics.image.loader.impl,ImageConverterBuffered2Rendered,17,93,9,5,0,17,7,6,0,6
org.apache.xmlgraphics:xmlgraphics-commons,org.apache.xmlgraphics.image.loader.impl,PNGFile.__CLR4_4_18gc8gclde0391i.new InvocationHandler() {...},39,0,2,0,1,0,3,0,2,0
org.apache.xmlgraphics:xmlgraphics-commons,org.apache.xmlgraphics.image.loader.impl,ImageConverterBitmap2G2D.__CLR4_4_17si7silde038uk.new InvocationHandler() {...},39,0,2,0,1,0,3,0,2,0
org.apache.xmlgraphics:xmlgraphics-commons,org.apache.xmlgraphics.image.loader.impl,ImageLoaderRawCCITTFax.__CLR4_4_183m83mlde038xm.new InvocationHandler() {...},39,0,2,0,1,0,3,0,2,0
org.apache.xmlgraphics:xmlgraphics-commons,org.apache.xmlgraphics.image.loader.impl,PreloaderJPEG.__CLR4_4_18sp8splde03939,93,35,1,1,0,1,3,1,2,1
org.apache.xmlgraphics:xmlgraphics-commons,org.apache.xmlgraphics.image.loader.impl,ImageRawEPS.__CLR4_4_18bc8bclde038yw,93,35,1,1,0,1,3,1,2,1
org.apache.xmlgraphics:xmlgraphics-commons,org.apache.xmlgraphics.image.loader.impl,JPEGFile.__CLR4_4_18fo8folde0390n,93,35,1,1,0,1,3,1,2,1
org.apache.xmlgraphics:xmlgraphics-commons,org.apache.xmlgraphics.image.loader.impl,ImageLoaderFactoryPNG.__CLR4_4_17ys7yslde038vv,93,35,1,1,0,1,3,1,2,1
org.apache.xmlgraphics:xmlgraphics-commons,org.apache.xmlgraphics.image.loader.impl,ImageLoaderRaw.__CLR4_4_1839839lde038wq.new InvocationHandler() {...},39,0,2,0,1,0,3,0,2,0
org.apache.xmlgraphics:xmlgraphics-commons,org.apache.xmlgraphics.image.loader.impl,AbstractImageSessionContext.UnrestrictedFallbackResolver,307,328,80,50,26,41,60,8,0,3
org.apache.xmlgraphics:xmlgraphics-commons,org.apache.xmlgraphics.image.loader.impl,AbstractImageSessionContext.__CLR4_4_17kq7kqlde038t9,93,35,1,1,0,1,3,1,2,1
org.apache.xmlgraphics:xmlgraphics-commons,org.apache.xmlgraphics.image.loader.impl,PreloaderEMF.__CLR4_4_18nf8nflde0391y.new InvocationHandler() {...},39,0,2,0,1,0,3,0,2,0
org.apache.xmlgraphics:xmlgraphics-commons,org.apache.xmlgraphics.image.loader.impl,AbstractImageConverter.__CLR4_4_17jr7jrlde038se,93,35,1,1,0,1,3,1,2,1
org.apache.xmlgraphics:xmlgraphics-commons,org.apache.xmlgraphics.image.loader.impl,ImageConverterG2D2Bitmap.__CLR4_4_17tn7tnlde038v0.new InvocationHandler() {...},39,0,2,0,1,0,3,0,2,0
org.apache.xmlgraphics:xmlgraphics-commons,org.apache.xmlgraphics.image.loader.impl,ImageRawPNG.__CLR4_4_18bx8bxlde038zc.new InvocationHandler() {...},39,0,2,0,1,0,3,0,2,0
org.apache.xmlgraphics:xmlgraphics-commons,org.apache.xmlgraphics.image.loader.impl,PreloaderGIF,22,248,17,17,1,29,15,7,0,5
org.apache.xmlgraphics:xmlgraphics-commons,org.apache.xmlgraphics.image.loader.impl,DefaultImageSessionContext.__CLR4_4_17rs7rslde038u5.new InvocationHandler() {...},39,0,2,0,1,0,3,0,2,0
org.apache.xmlgraphics:xmlgraphics-commons,org.apache.xmlgraphics.image.loader.impl,ImageLoaderRawCCITTFax,187,358,66,26,12,50,47,4,0,4
org.apache.xmlgraphics:xmlgraphics-commons,org.apache.xmlgraphics.image.loader.impl,ImageLoaderFactoryInternalTIFF.__CLR4_4_17yg7yglde038vv,93,35,1,1,0,1,3,1,2,1
org.apache.xmlgraphics:xmlgraphics-commons,org.apache.xmlgraphics.image.loader.impl,DefaultImageSessionContext,25,129,4,6,5,21,5,6,1,5
org.apache.xmlgraphics:xmlgraphics-commons,org.apache.xmlgraphics.image.loader.impl,ImageBuffered.__CLR4_4_17sc7sclde038u5,93,35,1,1,0,1,3,1,2,1
org.apache.xmlgraphics:xmlgraphics-commons,org.apache.xmlgraphics.image.loader.impl,ImageLoaderRawPNG.__CLR4_4_18aq8aqlde038yh.new InvocationHandler() {...},39,0,2,0,1,0,3,0,2,0
org.apache.xmlgraphics:xmlgraphics-commons,org.apache.xmlgraphics.image.loader.impl,ImageGraphics2D.__CLR4_4_17x47x4lde038vf,93,35,1,1,0,1,3,1,2,1
org.apache.xmlgraphics:xmlgraphics-commons,org.apache.xmlgraphics.image.loader.impl,PreloaderRawPNG,38,124,14,6,2,19,10,4,0,4
org.apache.xmlgraphics:xmlgraphics-commons,org.apache.xmlgraphics.image.loader.impl,PreloaderJPEG.__CLR4_4_18sp8splde03939.new InvocationHandler() {...},39,0,2,0,1,0,3,0,2,0
org.apache.xmlgraphics:xmlgraphics-commons,org.apache.xmlgraphics.image.loader.impl,ImageRawEPS,36,17,0,0,6,3,2,2,2,2
org.apache.xmlgraphics:xmlgraphics-commons,org.apache.xmlgraphics.image.loader.impl,AbstractImageSessionContext.new PrivilegedAction() {...},0,30,0,0,0,6,0,2,0,2
org.apache.xmlgraphics:xmlgraphics-commons,org.apache.xmlgraphics.image.loader.impl,ImageLoaderRaw,98,16,10,0,12,4,7,2,2,2
org.apache.xmlgraphics:xmlgraphics-commons,org.apache.xmlgraphics.image.loader.impl,ImageBuffered.__CLR4_4_17sc7sclde038u5.new InvocationHandler() {...},39,0,2,0,1,0,3,0,2,0
org.apache.xmlgraphics:xmlgraphics-commons,org.apache.xmlgraphics.image.loader.impl,AbstractImageSessionContext.ObservingImageInputStreamInvocationHandler,45,55,7,3,6,9,5,2,0,2
org.apache.xmlgraphics:xmlgraphics-commons,org.apache.xmlgraphics.image.loader.impl,ImageLoaderFactoryEPS,26,86,7,3,1,16,5,6,0,6
org.apache.xmlgraphics:xmlgraphics-commons,org.apache.xmlgraphics.image.loader.impl,PreloaderGIF.__CLR4_4_18rv8rvlde0392t.new InvocationHandler() {...},39,0,2,0,1,0,3,0,2,0
org.apache.xmlgraphics:xmlgraphics-commons,org.apache.xmlgraphics.image.loader.impl,ImageLoaderRawJPEG,661,619,169,60,52,90,116,8,1,4
org.apache.xmlgraphics:xmlgraphics-commons,org.apache.xmlgraphics.image.loader.impl,ImageConverterG2D2Bitmap.__CLR4_4_17tn7tnlde038v0,93,35,1,1,0,1,3,1,2,1
org.apache.xmlgraphics:xmlgraphics-commons,org.apache.xmlgraphics.image.loader.impl,ImageXMLDOM,119,0,0,0,23,0,7,0,7,0
org.apache.xmlgraphics:xmlgraphics-commons,org.apache.xmlgraphics.image.loader.impl,ImageRawJPEG.__CLR4_4_18bj8bjlde038zc.new InvocationHandler() {...},39,0,2,0,1,0,3,0,2,0
org.apache.xmlgraphics:xmlgraphics-commons,org.apache.xmlgraphics.image.loader.impl,AbstractImageLoaderFactory.__CLR4_4_17k97k9lde038su,93,35,1,1,0,1,3,1,2,1
org.apache.xmlgraphics:xmlgraphics-commons,org.apache.xmlgraphics.image.loader.impl,AbstractImage,85,44,10,0,11,10,8,4,3,4
org.apache.xmlgraphics:xmlgraphics-commons,org.apache.xmlgraphics.image.loader.impl,ImageLoaderRaw.__CLR4_4_1839839lde038wq,93,35,1,1,0,1,3,1,2,1
org.apache.xmlgraphics:xmlgraphics-commons,org.apache.xmlgraphics.image.loader.impl,ImageLoaderEPS,23,132,11,9,1,19,9,5,0,4
org.apache.xmlgraphics:xmlgraphics-commons,org.apache.xmlgraphics.image.loader.impl,PreloaderBMP.__CLR4_4_18m88m8lde0391y,93,35,1,1,0,1,3,1,2,1
org.apache.xmlgraphics:xmlgraphics-commons,org.apache.xmlgraphics.image.loader.impl,CompositeImageLoader,274,165,68,18,22,19,44,5,2,4
org.apache.xmlgraphics:xmlgraphics-commons,org.apache.xmlgraphics.image.loader.impl,ImageRendered,3,156,4,6,0,29,4,9,0,8
org.apache.xmlgraphics:xmlgraphics-commons,org.apache.xmlgraphics.image.loader.impl,AbstractImagePreloader,18,69,7,3,1,12,5,4,0,4
org.apache.xmlgraphics:xmlgraphics-commons,org.apache.xmlgraphics.image.loader.impl,PreloaderGIF.__CLR4_4_18rv8rvlde0392t,93,35,1,1,0,1,3,1,2,1
org.apache.xmlgraphics:xmlgraphics-commons,org.apache.xmlgraphics.image.loader.impl,ImageLoaderFactoryPNG,3,114,4,6,0,19,4,7,0,6
org.apache.xmlgraphics:xmlgraphics-commons,org.apache.xmlgraphics.image.loader.impl,AbstractImageLoader.__CLR4_4_17jy7jylde038se.new InvocationHandler() {...},39,0,2,0,1,0,3,0,2,0
org.apache.xmlgraphics:xmlgraphics-commons,org.apache.xmlgraphics.image.loader.impl,ImageRendered.__CLR4_4_18ej8ejlde038zs,93,35,1,1,0,1,3,1,2,1
org.apache.xmlgraphics:xmlgraphics-commons,org.apache.xmlgraphics.image.loader.impl,ImageLoaderRawJPEG.__CLR4_4_1867867lde038yh.new InvocationHandler() {...},39,0,2,0,1,0,3,0,2,0
org.apache.xmlgraphics:xmlgraphics-commons,org.apache.xmlgraphics.image.loader.impl,ImageGraphics2D.__CLR4_4_17x47x4lde038vf.new InvocationHandler() {...},39,0,2,0,1,0,3,0,2,0
org.apache.xmlgraphics:xmlgraphics-commons,org.apache.xmlgraphics.image.loader.impl,ImageLoaderRawJPEG.__CLR4_4_1867867lde038yh,93,35,1,1,0,1,3,1,2,1
org.apache.xmlgraphics:xmlgraphics-commons,org.apache.xmlgraphics.image.loader.impl,ImageLoaderRawPNG.__CLR4_4_18aq8aqlde038yh,93,35,1,1,0,1,3,1,2,1
org.apache.xmlgraphics:xmlgraphics-commons,org.apache.xmlgraphics.image.loader.impl,ImageRawCCITTFax.__CLR4_4_18b58b5lde038yw,93,35,1,1,0,1,3,1,2,1
org.apache.xmlgraphics:xmlgraphics-commons,org.apache.xmlgraphics.image.loader.impl,AbstractImage.__CLR4_4_17jb7jblde038se.new InvocationHandler() {...},39,0,2,0,1,0,3,0,2,0
org.apache.xmlgraphics:xmlgraphics-commons,org.apache.xmlgraphics.image.loader.impl,DefaultImageContext.__CLR4_4_17rk7rklde038tp,128,0,2,0,1,0,4,0,3,0
org.apache.xmlgraphics:xmlgraphics-commons,org.apache.xmlgraphics.image.loader.impl,ImageLoaderFactoryInternalTIFF.__CLR4_4_17yg7yglde038vv.new InvocationHandler() {...},39,0,2,0,1,0,3,0,2,0
org.apache.xmlgraphics:xmlgraphics-commons,org.apache.xmlgraphics.image.loader.impl,AbstractImageSessionContext.RestrictedFallbackResolver,123,0,30,0,10,0,17,0,2,0
org.apache.xmlgraphics:xmlgraphics-commons,org.apache.xmlgraphics.image.loader.impl,PreloaderTIFF.__CLR4_4_18ye8yelde0393o.new InvocationHandler() {...},39,0,2,0,1,0,3,0,2,0
org.apache.xmlgraphics:xmlgraphics-commons,org.apache.xmlgraphics.image.loader.impl,AbstractImagePreloader.__CLR4_4_17ke7kelde038su,93,35,1,1,0,1,3,1,2,1
org.apache.xmlgraphics:xmlgraphics-commons,org.apache.xmlgraphics.image.loader.impl,ImageLoaderInternalTIFF,74,26,0,0,13,7,2,3,2,3
org.apache.xmlgraphics:xmlgraphics-commons,org.apache.xmlgraphics.image.loader.impl,ImageLoaderPNG,0,91,0,0,0,17,0,5,0,5
org.apache.xmlgraphics:xmlgraphics-commons,org.apache.xmlgraphics.image.loader.impl,AbstractImageSessionContext,307,538,95,57,24,66,72,15,1,10
org.apache.xmlgraphics:xmlgraphics-commons,org.apache.xmlgraphics.image.loader.impl,ImageRawStream.ByteArrayStreamFactory,6,42,0,0,2,9,1,3,1,3
org.apache.xmlgraphics:xmlgraphics-commons,org.apache.xmlgraphics.image.loader.impl,ImageXMLDOM.__CLR4_4_18f68f6lde03907,128,0,2,0,1,0,4,0,3,0
org.apache.xmlgraphics:xmlgraphics-commons,org.apache.xmlgraphics.image.loader.impl,ImageXMLDOM.__CLR4_4_18f68f6lde03907.new InvocationHandler() {...},39,0,2,0,1,0,3,0,2,0
org.apache.xmlgraphics:xmlgraphics-commons,org.apache.xmlgraphics.image.loader.impl,ImageLoaderRawCCITTFax.__CLR4_4_183m83mlde038xm,93,35,1,1,0,1,3,1,2,1
org.apache.xmlgraphics:xmlgraphics-commons,org.apache.xmlgraphics.image.loader.impl,PNGFile.__CLR4_4_18gc8gclde0391i,93,35,1,1,0,1,3,1,2,1
org.apache.xmlgraphics:xmlgraphics-commons,org.apache.xmlgraphics.image.loader.impl,ImageConverterG2D2Bitmap,321,549,83,40,29,66,60,10,1,7
org.apache.xmlgraphics:xmlgraphics-commons,org.apache.xmlgraphics.image.loader.impl,ImageLoaderFactoryEPS.__CLR4_4_17y47y4lde038vf,93,35,1,1,0,1,3,1,2,1
org.apache.xmlgraphics:xmlgraphics-commons,org.apache.xmlgraphics.image.loader.impl,PreloaderEPS,134,652,70,64,6,87,58,15,0,5
org.apache.xmlgraphics:xmlgraphics-commons,org.apache.xmlgraphics.image.loader.impl,ImageLoaderPNG.__CLR4_4_182x82xlde038wq.new InvocationHandler() {...},39,0,2,0,1,0,3,0,2,0
org.apache.xmlgraphics:xmlgraphics-commons,org.apache.xmlgraphics.image.loader.impl,PreloaderEMF,22,285,13,15,1,37,11,7,0,4
org.apache.xmlgraphics:xmlgraphics-commons,org.apache.xmlgraphics.image.loader.impl,ImageLoaderInternalTIFF.__CLR4_4_182k82klde038wq.new InvocationHandler() {...},39,0,2,0,1,0,3,0,2,0
org.apache.xmlgraphics:xmlgraphics-commons,org.apache.xmlgraphics.image.loader.impl,ImageRawStream.__CLR4_4_18d28d2lde038zs,93,35,1,1,0,1,3,1,2,1
org.apache.xmlgraphics:xmlgraphics-commons,org.apache.xmlgraphics.image.loader.impl,ImageLoaderRawPNG,3,115,4,6,0,18,4,5,0,4
org.apache.xmlgraphics:xmlgraphics-commons,org.apache.xmlgraphics.image.loader.impl,ImageRawStream.__CLR4_4_18d28d2lde038zs.new InvocationHandler() {...},39,0,2,0,1,0,3,0,2,0
org.apache.xmlgraphics:xmlgraphics-commons,org.apache.xmlgraphics.image.loader.impl,ImageLoaderFactoryRawCCITTFax.__CLR4_4_1810810lde038wb.new InvocationHandler() {...},39,0,2,0,1,0,3,0,2,0
org.apache.xmlgraphics:xmlgraphics-commons,org.apache.xmlgraphics.image.loader.impl,ImageRawEPS.__CLR4_4_18bc8bclde038yw.new InvocationHandler() {...},39,0,2,0,1,0,3,0,2,0
org.apache.xmlgraphics:xmlgraphics-commons,org.apache.xmlgraphics.image.loader.impl,ImageConverterRendered2PNG.__CLR4_4_17wl7wllde038vf.new InvocationHandler() {...},39,0,2,0,1,0,3,0,2,0
org.apache.xmlgraphics:xmlgraphics-commons,org.apache.xmlgraphics.image.loader.impl,ImageLoaderFactoryRaw.__CLR4_4_17z57z5lde038wb,93,35,1,1,0,1,3,1,2,1
org.apache.xmlgraphics:xmlgraphics-commons,org.apache.xmlgraphics.image.loader.impl,CompositeImageLoader.__CLR4_4_17q77q7lde038tp.new InvocationHandler() {...},39,0,2,0,1,0,3,0,2,0
org.apache.xmlgraphics:xmlgraphics-commons,org.apache.xmlgraphics.image.loader.impl,AbstractImageConverter,27,41,7,3,1,7,5,4,0,4
org.apache.xmlgraphics:xmlgraphics-commons,org.apache.xmlgraphics.image.loader.impl,ImageRawPNG,186,106,20,0,28,22,17,6,7,6
org.apache.xmlgraphics:xmlgraphics-commons,org.apache.xmlgraphics.image.loader.impl,ImageRawPNG.__CLR4_4_18bx8bxlde038zc,93,35,1,1,0,1,3,1,2,1
org.apache.xmlgraphics:xmlgraphics-commons,org.apache.xmlgraphics.image.loader.impl,PreloaderRawPNG.__CLR4_4_18xs8xslde03939,93,35,1,1,0,1,3,1,2,1
org.apache.xmlgraphics:xmlgraphics-commons,org.apache.xmlgraphics.image.loader.impl,ImageLoaderPNG.__CLR4_4_182x82xlde038wq,93,35,1,1,0,1,3,1,2,1
org.apache.xmlgraphics:xmlgraphics-commons,org.apache.xmlgraphics.image.loader.impl,ImageLoaderFactoryRaw,201,479,81,51,10,43,61,13,0,8
org.apache.xmlgraphics:xmlgraphics-commons,org.apache.xmlgraphics.image.loader.impl,PreloaderBMP.__CLR4_4_18m88m8lde0391y.new InvocationHandler() {...},39,0,2,0,1,0,3,0,2,0
org.apache.xmlgraphics:xmlgraphics-commons,org.apache.xmlgraphics.image.loader.impl,ImageRawCCITTFax,13,36,0,0,3,7,1,3,1,3
org.apache.xmlgraphics:xmlgraphics-commons,org.apache.xmlgraphics.image.loader.impl,PreloaderEPS.__CLR4_4_18oi8oilde0392d.new InvocationHandler() {...},39,0,2,0,1,0,3,0,2,0
org.apache.xmlgraphics:xmlgraphics-commons,org.apache.xmlgraphics.image.loader.impl,DefaultImageContext.__CLR4_4_17rk7rklde038tp.new InvocationHandler() {...},39,0,2,0,1,0,3,0,2,0
org.apache.xmlgraphics:xmlgraphics-commons,org.apache.xmlgraphics.image.loader.impl,ImageLoaderFactoryInternalTIFF,26,86,7,3,1,16,5,6,0,6
org.apache.xmlgraphics:xmlgraphics-commons,org.apache.xmlgraphics.image.loader.impl,PNGFile,629,1195,215,145,43,115,167,23,2,6
org.apache.xmlgraphics:xmlgraphics-commons,org.apache.xmlgraphics.image.loader.impl,ImageRawJPEG.__CLR4_4_18bj8bjlde038zc,93,35,1,1,0,1,3,1,2,1
org.apache.xmlgraphics:xmlgraphics-commons,org.apache.xmlgraphics.image.loader.impl,ImageRawJPEG,26,67,0,0,6,13,2,4,2,4
org.apache.xmlgraphics:xmlgraphics-commons,org.apache.xmlgraphics.image.loader.impl,PreloaderRawPNG.__CLR4_4_18xs8xslde03939.new InvocationHandler() {...},39,0,2,0,1,0,3,0,2,0
org.apache.xmlgraphics:xmlgraphics-commons,org.apache.xmlgraphics.image.loader.impl,PreloaderEPS.EPSBinaryFileHeader,90,29,4,0,18,7,8,3,6,3
org.apache.xmlgraphics:xmlgraphics-commons,org.apache.xmlgraphics.image.loader.impl,ImageGraphics2D,52,58,10,0,6,13,6,5,1,5
org.apache.xmlgraphics:xmlgraphics-commons,org.apache.xmlgraphics.image.loader.impl,CompositeImageLoader.__CLR4_4_17q77q7lde038tp,93,35,1,1,0,1,3,1,2,1
org.apache.xmlgraphics:xmlgraphics-commons,org.apache.xmlgraphics.image.loader.impl,AbstractImagePreloader.__CLR4_4_17ke7kelde038su.new InvocationHandler() {...},39,0,2,0,1,0,3,0,2,0
org.apache.xmlgraphics:xmlgraphics-commons,org.apache.xmlgraphics.image.loader.impl,ImageLoaderEPS.__CLR4_4_17xk7xklde038vf,93,35,1,1,0,1,3,1,2,1
org.apache.xmlgraphics:xmlgraphics-commons,org.apache.xmlgraphics.image.loader.impl,ImageConverterRendered2PNG,37,137,16,8,1,20,12,5,0,5
org.apache.xmlgraphics:xmlgraphics-commons,org.apache.xmlgraphics.image.loader.impl,ImageConverterBuffered2Rendered.__CLR4_4_17tb7tblde038uk,93,35,1,1,0,1,3,1,2,1
org.apache.xmlgraphics:xmlgraphics-commons,org.apache.xmlgraphics.image.loader.impl,PreloaderTIFF.__CLR4_4_18ye8yelde0393o,93,35,1,1,0,1,3,1,2,1
org.apache.xmlgraphics:xmlgraphics-commons,org.apache.xmlgraphics.image.loader.impl,ImageLoaderFactoryRawCCITTFax,269,259,80,26,16,32,53,9,1,7
org.apache.xmlgraphics:xmlgraphics-commons,org.apache.xmlgraphics.image.loader.impl,AbstractImageSessionContext.__CLR4_4_17kq7kqlde038t9.new InvocationHandler() {...},39,0,2,0,1,0,3,0,2,0
org.apache.xmlgraphics:xmlgraphics-commons,org.apache.xmlgraphics.image.loader.impl,PreloaderEMF.__CLR4_4_18nf8nflde0391y,93,35,1,1,0,1,3,1,2,1
org.apache.xmlgraphics:xmlgraphics-commons,org.apache.xmlgraphics.image.loader.impl,ImageConverterBitmap2G2D,73,35,13,1,8,7,8,4,1,4
org.apache.xmlgraphics:xmlgraphics-commons,org.apache.xmlgraphics.image.loader.impl,DefaultImageContext,64,0,10,0,10,0,8,0,3,0
org.apache.xmlgraphics:xmlgraphics-commons,org.apache.xmlgraphics.image.loader.impl,ImageRendered.__CLR4_4_18ej8ejlde038zs.new InvocationHandler() {...},39,0,2,0,1,0,3,0,2,0
org.apache.xmlgraphics:xmlgraphics-commons,org.apache.xmlgraphics.image.loader.impl,ImageConverterRendered2PNG.__CLR4_4_17wl7wllde038vf,93,35,1,1,0,1,3,1,2,1
org.apache.xmlgraphics:xmlgraphics-commons,org.apache.xmlgraphics.image.loader.impl,AbstractImageLoader.__CLR4_4_17jy7jylde038se,93,35,1,1,0,1,3,1,2,1
org.apache.xmlgraphics:xmlgraphics-commons,org.apache.xmlgraphics.image.loader.impl,ImageBuffered,0,43,0,0,0,9,0,4,0,4
org.apache.xmlgraphics:xmlgraphics-commons,org.apache.xmlgraphics.image.loader.impl,ImageLoaderInternalTIFF.__CLR4_4_182k82klde038wq,93,35,1,1,0,1,3,1,2,1
org.apache.xmlgraphics:xmlgraphics-commons,org.apache.xmlgraphics.image.loader.impl,ImageLoaderFactoryEPS.__CLR4_4_17y47y4lde038vf.new InvocationHandler() {...},39,0,2,0,1,0,3,0,2,0
org.apache.xmlgraphics:xmlgraphics-commons,org.apache.xmlgraphics.image.loader.impl,JPEGFile,54,125,14,6,6,24,12,5,2,5
org.apache.xmlgraphics:xmlgraphics-commons,org.apache.xmlgraphics.image.loader.impl,PreloaderTIFF,359,649,132,72,22,74,97,9,0,4
org.apache.xmlgraphics:xmlgraphics-commons,org.apache.xmlgraphics.image.loader.impl,ImageLoaderEPS.__CLR4_4_17xk7xklde038vf.new InvocationHandler() {...},39,0,2,0,1,0,3,0,2,0
org.apache.xmlgraphics:xmlgraphics-commons,org.apache.xmlgraphics.image.loader.impl,ImageLoaderFactoryRawCCITTFax.__CLR4_4_1810810lde038wb,93,35,1,1,0,1,3,1,2,1
org.apache.xmlgraphics:xmlgraphics-commons,org.apache.xmlgraphics.image.loader.cache,ImageKey.__CLR4_4_17hz7hzlde038ry.new InvocationHandler() {...},39,0,2,0,1,0,3,0,2,0
org.apache.xmlgraphics:xmlgraphics-commons,org.apache.xmlgraphics.image.loader.cache,ImageCacheStatistics,87,294,28,12,7,51,22,14,2,14
org.apache.xmlgraphics:xmlgraphics-commons,org.apache.xmlgraphics.image.loader.cache,ImageCacheStatistics.__CLR4_4_17gl7gllde038ry.new InvocationHandler() {...},39,0,2,0,1,0,3,0,2,0
org.apache.xmlgraphics:xmlgraphics-commons,org.apache.xmlgraphics.image.loader.cache,ImageCacheStatistics.__CLR4_4_17gl7gllde038ry,93,35,1,1,0,1,3,1,2,1
org.apache.xmlgraphics:xmlgraphics-commons,org.apache.xmlgraphics.image.loader.cache,TimeStampProvider.__CLR4_4_17j97j9lde038ry.new InvocationHandler() {...},39,0,2,0,1,0,3,0,2,0
org.apache.xmlgraphics:xmlgraphics-commons,org.apache.xmlgraphics.image.loader.cache,DefaultExpirationPolicy,3,106,4,10,0,15,4,8,0,5
org.apache.xmlgraphics:xmlgraphics-commons,org.apache.xmlgraphics.image.loader.cache,ImageKey.__CLR4_4_17hz7hzlde038ry,93,35,1,1,0,1,3,1,2,1
org.apache.xmlgraphics:xmlgraphics-commons,org.apache.xmlgraphics.image.loader.cache,TimeStampProvider.__CLR4_4_17j97j9lde038ry,93,35,1,1,0,1,3,1,2,1
org.apache.xmlgraphics:xmlgraphics-commons,org.apache.xmlgraphics.image.loader.cache,TimeStampProvider,0,18,0,0,0,4,0,3,0,3
org.apache.xmlgraphics:xmlgraphics-commons,org.apache.xmlgraphics.image.loader.cache,ImageKey,188,210,63,27,10,23,46,4,1,4
org.apache.xmlgraphics:xmlgraphics-commons,org.apache.xmlgraphics.image.loader.cache,ImageCache,169,856,92,80,7,113,75,28,0,17
org.apache.xmlgraphics:xmlgraphics-commons,org.apache.xmlgraphics.image.loader.cache,ImageCache.__CLR4_4_17d37d3lde038rj,93,35,1,1,0,1,3,1,2,1
org.apache.xmlgraphics:xmlgraphics-commons,org.apache.xmlgraphics.image.loader.cache,ImageCache.__CLR4_4_17d37d3lde038rj.new InvocationHandler() {...},39,0,2,0,1,0,3,0,2,0
org.apache.xmlgraphics:xmlgraphics-commons,org.apache.xmlgraphics.image.loader.cache,DefaultExpirationPolicy.__CLR4_4_17cq7cqlde038r3,93,35,1,1,0,1,3,1,2,1
org.apache.xmlgraphics:xmlgraphics-commons,org.apache.xmlgraphics.image.loader.cache,DefaultExpirationPolicy.__CLR4_4_17cq7cqlde038r3.new InvocationHandler() {...},39,0,2,0,1,0,3,0,2,0
org.apache.xmlgraphics:xmlgraphics-commons,org.apache.xmlgraphics.image.codec.png,PNGRed,11287,0,1986,0,1022,0,1043,0,33,0
org.apache.xmlgraphics:xmlgraphics-commons,org.apache.xmlgraphics.image.codec.png,PNGImageEncoder.__CLR4_4_127z2bilde037x0.new InvocationHandler() {...},39,0,2,0,1,0,3,0,2,0
org.apache.xmlgraphics:xmlgraphics-commons,org.apache.xmlgraphics.image.codec.png,PNGSuggestedPaletteEntry,3,0,0,0,1,0,1,0,1,0
org.apache.xmlgraphics:xmlgraphics-commons,org.apache.xmlgraphics.image.codec.png,PNGRed.__CLR4_4_12sw2swlde0381x.new InvocationHandler() {...},39,0,2,0,1,0,3,0,2,0
org.apache.xmlgraphics:xmlgraphics-commons,org.apache.xmlgraphics.image.codec.png,CRC,20,182,16,24,2,17,17,6,1,2
org.apache.xmlgraphics:xmlgraphics-commons,org.apache.xmlgraphics.image.codec.png,IDATOutputStream,92,291,25,15,9,37,20,8,2,6
org.apache.xmlgraphics:xmlgraphics-commons,org.apache.xmlgraphics.image.codec.png,PNGImage.__CLR4_4_118718zlde037t4,93,34,1,1,0,1,3,1,2,1
org.apache.xmlgraphics:xmlgraphics-commons,org.apache.xmlgraphics.image.codec.png,ChunkStream.__CLR4_4_127z28llde037x0,93,34,1,1,0,1,3,1,2,1
org.apache.xmlgraphics:xmlgraphics-commons,org.apache.xmlgraphics.image.codec.png,PNGImage.__CLR4_4_118718zlde037t4.new InvocationHandler() {...},39,0,2,0,1,0,3,0,2,0
org.apache.xmlgraphics:xmlgraphics-commons,org.apache.xmlgraphics.image.codec.png,PNGDecodeParam,193,124,20,0,34,29,20,10,10,10
org.apache.xmlgraphics:xmlgraphics-commons,org.apache.xmlgraphics.image.codec.png,ChunkStream,180,253,14,6,36,38,22,6,12,6
org.apache.xmlgraphics:xmlgraphics-commons,org.apache.xmlgraphics.image.codec.png,PNGEncodeParam.Palette,499,0,88,0,59,0,56,0,12,0
org.apache.xmlgraphics:xmlgraphics-commons,org.apache.xmlgraphics.image.codec.png,PNGChunk.__CLR4_4_1r2r2lde037lb,93,35,1,1,0,1,3,1,2,1
org.apache.xmlgraphics:xmlgraphics-commons,org.apache.xmlgraphics.image.codec.png,PNGChunk,154,407,7,3,23,61,9,12,4,12
org.apache.xmlgraphics:xmlgraphics-commons,org.apache.xmlgraphics.image.codec.png,PNGImageDecoder.__CLR4_4_1187187lde037t4.new InvocationHandler() {...},39,0,2,0,1,0,3,0,2,0
org.apache.xmlgraphics:xmlgraphics-commons,org.apache.xmlgraphics.image.codec.png,PNGEncodeParam,1951,830,341,65,240,107,243,26,46,20
org.apache.xmlgraphics:xmlgraphics-commons,org.apache.xmlgraphics.image.codec.png,ChunkStream.__CLR4_4_127z28llde037x0.new InvocationHandler() {...},39,0,2,0,1,0,3,0,2,0
org.apache.xmlgraphics:xmlgraphics-commons,org.apache.xmlgraphics.image.codec.png,PNGEncodeParam.RGB,240,21,42,0,29,4,27,2,6,2
org.apache.xmlgraphics:xmlgraphics-commons,org.apache.xmlgraphics.image.codec.png,PNGImage,7830,3588,1686,324,646,352,1009,43,14,16
org.apache.xmlgraphics:xmlgraphics-commons,org.apache.xmlgraphics.image.codec.png,PNGChunk.ChunkType,0,194,0,0,0,20,0,1,0,1
org.apache.xmlgraphics:xmlgraphics-commons,org.apache.xmlgraphics.image.codec.png,IDATOutputStream.__CLR4_4_127z2a9lde037x0.new InvocationHandler() {...},39,0,2,0,1,0,3,0,2,0
org.apache.xmlgraphics:xmlgraphics-commons,org.apache.xmlgraphics.image.codec.png,CRC.__CLR4_4_127z27zlde037x0,93,35,1,1,0,1,3,1,2,1
org.apache.xmlgraphics:xmlgraphics-commons,org.apache.xmlgraphics.image.codec.png,CRC.__CLR4_4_127z27zlde037x0.new InvocationHandler() {...},39,0,2,0,1,0,3,0,2,0
org.apache.xmlgraphics:xmlgraphics-commons,org.apache.xmlgraphics.image.codec.png,PNGRed.__CLR4_4_12sw2swlde0381x,128,0,2,0,1,0,4,0,3,0
org.apache.xmlgraphics:xmlgraphics-commons,org.apache.xmlgraphics.image.codec.png,PNGImageDecoder.new ImageInputStreamSeekableStreamAdapter() {...},0,10,0,0,0,3,0,2,0,2
org.apache.xmlgraphics:xmlgraphics-commons,org.apache.xmlgraphics.image.codec.png,PNGDecodeParam.__CLR4_4_1swswlde037m6.new InvocationHandler() {...},39,0,2,0,1,0,3,0,2,0
org.apache.xmlgraphics:xmlgraphics-commons,org.apache.xmlgraphics.image.codec.png,PNGImageDecoder,103,118,34,6,5,17,20,4,0,4
org.apache.xmlgraphics:xmlgraphics-commons,org.apache.xmlgraphics.image.codec.png,IDATOutputStream.__CLR4_4_127z2a9lde037x0,93,34,1,1,0,1,3,1,2,1
org.apache.xmlgraphics:xmlgraphics-commons,org.apache.xmlgraphics.image.codec.png,PNGEncodeParam.__CLR4_4_1u5u5lde037oc,93,35,1,1,0,1,3,1,2,1
org.apache.xmlgraphics:xmlgraphics-commons,org.apache.xmlgraphics.image.codec.png,PNGEncodeParam.__CLR4_4_1u5u5lde037oc.new InvocationHandler() {...},39,0,2,0,1,0,3,0,2,0
org.apache.xmlgraphics:xmlgraphics-commons,org.apache.xmlgraphics.image.codec.png,PNGImageEncoder,3576,1588,780,150,298,187,466,28,1,24
org.apache.xmlgraphics:xmlgraphics-commons,org.apache.xmlgraphics.image.codec.png,PNGImageDecoder.__CLR4_4_1187187lde037t4,93,35,1,1,0,1,3,1,2,1
org.apache.xmlgraphics:xmlgraphics-commons,org.apache.xmlgraphics.image.codec.png,PNGDecodeParam.__CLR4_4_1swswlde037m6,93,35,1,1,0,1,3,1,2,1
org.apache.xmlgraphics:xmlgraphics-commons,org.apache.xmlgraphics.image.codec.png,PNGEncodeParam.Gray,384,0,58,0,54,0,42,0,13,0
org.apache.xmlgraphics:xmlgraphics-commons,org.apache.xmlgraphics.image.codec.png,PNGImageEncoder.__CLR4_4_127z2bilde037x0,93,34,1,1,0,1,3,1,2,1
org.apache.xmlgraphics:xmlgraphics-commons,org.apache.xmlgraphics.image.codec.png,PNGRed.PNGChunk,368,0,0,0,45,0,11,0,11,0
org.apache.xmlgraphics:xmlgraphics-commons,org.apache.xmlgraphics.image.codec.png,PNGChunk.__CLR4_4_1r2r2lde037lb.new InvocationHandler() {...},39,0,2,0,1,0,3,0,2,0
org.apache.xmlgraphics:xmlgraphics-commons,org.apache.xmlgraphics.image.codec.tiff,ImageType,26,518,35,53,0,60,33,22,0,9
org.apache.xmlgraphics:xmlgraphics-commons,org.apache.xmlgraphics.image.codec.tiff,TIFFEncodeParam.__CLR4_4_147x47xlde0385e.new InvocationHandler() {...},39,0,2,0,1,0,3,0,2,0
org.apache.xmlgraphics:xmlgraphics-commons,org.apache.xmlgraphics.image.codec.tiff,TIFFFaxDecoder,13374,0,930,0,542,0,480,0,15,0
org.apache.xmlgraphics:xmlgraphics-commons,org.apache.xmlgraphics.image.codec.tiff,TIFFImageEncoder.__CLR4_4_15sy5sylde038hz,93,35,1,1,0,1,3,1,2,1
org.apache.xmlgraphics:xmlgraphics-commons,org.apache.xmlgraphics.image.codec.tiff,ExtraSamplesType,60,81,19,3,4,12,12,3,1,3
org.apache.xmlgraphics:xmlgraphics-commons,org.apache.xmlgraphics.image.codec.tiff,TIFFFaxDecoder.__CLR4_4_1498498lde038a6.new InvocationHandler() {...},39,0,2,0,1,0,3,0,2,0
org.apache.xmlgraphics:xmlgraphics-commons,org.apache.xmlgraphics.image.codec.tiff,TIFFImageDecoder.__CLR4_4_15so5solde038ft.new InvocationHandler() {...},39,0,2,0,1,0,3,0,2,0
org.apache.xmlgraphics:xmlgraphics-commons,org.apache.xmlgraphics.image.codec.tiff,TIFFField.__CLR4_4_14sq4sqlde038bh,93,35,1,1,0,1,3,1,2,1
org.apache.xmlgraphics:xmlgraphics-commons,org.apache.xmlgraphics.image.codec.tiff,ExtraSamplesType.__CLR4_4_13ts3tslde0383n.new InvocationHandler() {...},39,0,2,0,1,0,3,0,2,0
org.apache.xmlgraphics:xmlgraphics-commons,org.apache.xmlgraphics.image.codec.tiff,TIFFImageEncoder,5336,2453,1295,245,405,272,764,35,5,13
org.apache.xmlgraphics:xmlgraphics-commons,org.apache.xmlgraphics.image.codec.tiff,TIFFImage.__CLR4_4_14wh4whlde038ey,128,0,2,0,1,0,4,0,3,0
org.apache.xmlgraphics:xmlgraphics-commons,org.apache.xmlgraphics.image.codec.tiff,TIFFEncodeParam.__CLR4_4_147x47xlde0385e,93,35,1,1,0,1,3,1,2,1
org.apache.xmlgraphics:xmlgraphics-commons,org.apache.xmlgraphics.image.codec.tiff,TIFFImageEncoder.__CLR4_4_15sy5sylde038hz.new InvocationHandler() {...},39,0,2,0,1,0,3,0,2,0
org.apache.xmlgraphics:xmlgraphics-commons,org.apache.xmlgraphics.image.codec.tiff,CompressionValue,106,134,22,0,8,17,12,3,1,3
org.apache.xmlgraphics:xmlgraphics-commons,org.apache.xmlgraphics.image.codec.tiff,ImageInfo.__CLR4_4_13u43u4lde0383n.new InvocationHandler() {...},39,0,2,0,1,0,3,0,2,0
org.apache.xmlgraphics:xmlgraphics-commons,org.apache.xmlgraphics.image.codec.tiff,CompressionValue.__CLR4_4_13td3tdlde03838.new InvocationHandler() {...},39,0,2,0,1,0,3,0,2,0
org.apache.xmlgraphics:xmlgraphics-commons,org.apache.xmlgraphics.image.codec.tiff,ImageType.__CLR4_4_13xk3xklde03843,93,35,1,1,0,1,3,1,2,1
org.apache.xmlgraphics:xmlgraphics-commons,org.apache.xmlgraphics.image.codec.tiff,CompressionValue.__CLR4_4_13td3tdlde03838,93,35,1,1,0,1,3,1,2,1
org.apache.xmlgraphics:xmlgraphics-commons,org.apache.xmlgraphics.image.codec.tiff,TIFFLZWDecoder.__CLR4_4_16hg6hglde038iu,128,0,2,0,1,0,4,0,3,0
org.apache.xmlgraphics:xmlgraphics-commons,org.apache.xmlgraphics.image.codec.tiff,TIFFImage.__CLR4_4_14wh4whlde038ey.new InvocationHandler() {...},39,0,2,0,1,0,3,0,2,0
org.apache.xmlgraphics:xmlgraphics-commons,org.apache.xmlgraphics.image.codec.tiff,ImageInfo.__CLR4_4_13u43u4lde0383n,93,35,1,1,0,1,3,1,2,1
org.apache.xmlgraphics:xmlgraphics-commons,org.apache.xmlgraphics.image.codec.tiff,TIFFDirectory.__CLR4_4_13zg3zglde0385e,93,35,1,1,0,1,3,1,2,1
org.apache.xmlgraphics:xmlgraphics-commons,org.apache.xmlgraphics.image.codec.tiff,TIFFImage,10357,0,2049,0,883,0,1054,0,14,0
org.apache.xmlgraphics:xmlgraphics-commons,org.apache.xmlgraphics.image.codec.tiff,TIFFImageEncoder.Context,6,0,0,0,2,0,1,0,1,0
org.apache.xmlgraphics:xmlgraphics-commons,org.apache.xmlgraphics.image.codec.tiff,TIFFField,812,324,121,20,98,51,94,14,11,12
org.apache.xmlgraphics:xmlgraphics-commons,org.apache.xmlgraphics.image.codec.tiff,TIFFDecodeParam.__CLR4_4_13yz3yzlde0384j,128,0,2,0,1,0,4,0,3,0
org.apache.xmlgraphics:xmlgraphics-commons,org.apache.xmlgraphics.image.codec.tiff,TIFFImageDecoder,88,0,12,0,11,0,10,0,4,0
org.apache.xmlgraphics:xmlgraphics-commons,org.apache.xmlgraphics.image.codec.tiff,TIFFDirectory.__CLR4_4_13zg3zglde0385e.new InvocationHandler() {...},39,0,2,0,1,0,3,0,2,0
org.apache.xmlgraphics:xmlgraphics-commons,org.apache.xmlgraphics.image.codec.tiff,ExtraSamplesType.__CLR4_4_13ts3tslde0383n,93,35,1,1,0,1,3,1,2,1
org.apache.xmlgraphics:xmlgraphics-commons,org.apache.xmlgraphics.image.codec.tiff,ImageInfo.ImageInfoBuilder,0,78,0,0,0,14,0,4,0,4
org.apache.xmlgraphics:xmlgraphics-commons,org.apache.xmlgraphics.image.codec.tiff,TIFFDecodeParam.__CLR4_4_13yz3yzlde0384j.new InvocationHandler() {...},39,0,2,0,1,0,3,0,2,0
org.apache.xmlgraphics:xmlgraphics-commons,org.apache.xmlgraphics.image.codec.tiff,ImageType.__CLR4_4_13xk3xklde03843.new InvocationHandler() {...},39,0,2,0,1,0,3,0,2,0
org.apache.xmlgraphics:xmlgraphics-commons,org.apache.xmlgraphics.image.codec.tiff,TIFFImageDecoder.__CLR4_4_15so5solde038ft,128,0,2,0,1,0,4,0,3,0
org.apache.xmlgraphics:xmlgraphics-commons,org.apache.xmlgraphics.image.codec.tiff,TIFFFaxDecoder.__CLR4_4_1498498lde038a6,128,0,2,0,1,0,4,0,3,0
org.apache.xmlgraphics:xmlgraphics-commons,org.apache.xmlgraphics.image.codec.tiff,TIFFField.__CLR4_4_14sq4sqlde038bh.new InvocationHandler() {...},39,0,2,0,1,0,3,0,2,0
org.apache.xmlgraphics:xmlgraphics-commons,org.apache.xmlgraphics.image.codec.tiff,TIFFLZWDecoder.__CLR4_4_16hg6hglde038iu.new InvocationHandler() {...},39,0,2,0,1,0,3,0,2,0
org.apache.xmlgraphics:xmlgraphics-commons,org.apache.xmlgraphics.image.codec.tiff,TIFFEncodeParam,234,100,29,3,41,22,27,7,10,7
org.apache.xmlgraphics:xmlgraphics-commons,org.apache.xmlgraphics.image.codec.tiff,TIFFDecodeParam,124,0,0,0,28,0,10,0,10,0
org.apache.xmlgraphics:xmlgraphics-commons,org.apache.xmlgraphics.image.codec.tiff,TIFFDirectory,1395,1057,275,106,157,120,197,30,21,10
org.apache.xmlgraphics:xmlgraphics-commons,org.apache.xmlgraphics.image.codec.tiff,ImageInfo,78,891,65,67,0,112,57,26,0,17
org.apache.xmlgraphics:xmlgraphics-commons,org.apache.xmlgraphics.image.codec.tiff,TIFFLZWDecoder,1047,0,158,0,102,0,88,0,9,0
org.apache.xmlgraphics:xmlgraphics-commons,org.apache.xmlgraphics.image.rendered,BufferedImageCachableRed.__CLR4_4_1afhafhlde039cd,128,0,2,0,1,0,4,0,3,0
org.apache.xmlgraphics:xmlgraphics-commons,org.apache.xmlgraphics.image.rendered,Any2sRGBRed.__CLR4_4_1a94a94lde039cd,128,0,2,0,1,0,4,0,3,0
org.apache.xmlgraphics:xmlgraphics-commons,org.apache.xmlgraphics.image.rendered,BufferedImageCachableRed.__CLR4_4_1afhafhlde039cd.new InvocationHandler() {...},39,0,2,0,1,0,3,0,2,0
org.apache.xmlgraphics:xmlgraphics-commons,org.apache.xmlgraphics.image.rendered,BufferedImageCachableRed,309,0,10,0,53,0,16,0,11,0
org.apache.xmlgraphics:xmlgraphics-commons,org.apache.xmlgraphics.image.rendered,Any2LsRGBRed.__CLR4_4_1a4ya4ylde039bi,128,0,2,0,1,0,4,0,3,0
org.apache.xmlgraphics:xmlgraphics-commons,org.apache.xmlgraphics.image.rendered,RenderedImageCachableRed.__CLR4_4_1ajoajolde039d8.new InvocationHandler() {...},39,0,2,0,1,0,3,0,2,0
org.apache.xmlgraphics:xmlgraphics-commons,org.apache.xmlgraphics.image.rendered,Any2sRGBRed.__CLR4_4_1a94a94lde039cd.new InvocationHandler() {...},39,0,2,0,1,0,3,0,2,0
org.apache.xmlgraphics:xmlgraphics-commons,org.apache.xmlgraphics.image.rendered,FormatRed.__CLR4_4_1ageagelde039d8,128,0,2,0,1,0,4,0,3,0
org.apache.xmlgraphics:xmlgraphics-commons,org.apache.xmlgraphics.image.rendered,AbstractRed,2604,0,418,0,273,0,250,0,41,0
org.apache.xmlgraphics:xmlgraphics-commons,org.apache.xmlgraphics.image.rendered,Any2LsRGBRed.__CLR4_4_1a4ya4ylde039bi.new InvocationHandler() {...},39,0,2,0,1,0,3,0,2,0
org.apache.xmlgraphics:xmlgraphics-commons,org.apache.xmlgraphics.image.rendered,AbstractRed.__CLR4_4_19wq9wqlde039b2.new InvocationHandler() {...},39,0,2,0,1,0,3,0,2,0
org.apache.xmlgraphics:xmlgraphics-commons,org.apache.xmlgraphics.image.rendered,RenderedImageCachableRed,487,0,30,0,89,0,42,0,27,0
org.apache.xmlgraphics:xmlgraphics-commons,org.apache.xmlgraphics.image.rendered,FormatRed.__CLR4_4_1ageagelde039d8.new InvocationHandler() {...},39,0,2,0,1,0,3,0,2,0
org.apache.xmlgraphics:xmlgraphics-commons,org.apache.xmlgraphics.image.rendered,AbstractRed.__CLR4_4_19wq9wqlde039b2,128,0,2,0,1,0,4,0,3,0
org.apache.xmlgraphics:xmlgraphics-commons,org.apache.xmlgraphics.image.rendered,RenderedImageCachableRed.__CLR4_4_1ajoajolde039d8,128,0,2,0,1,0,4,0,3,0
org.apache.xmlgraphics:xmlgraphics-commons,org.apache.xmlgraphics.image.rendered,FormatRed,994,0,181,0,105,0,102,0,10,0
org.apache.xmlgraphics:xmlgraphics-commons,org.apache.xmlgraphics.image.rendered,Any2sRGBRed,1891,0,322,0,203,0,171,0,7,0
org.apache.xmlgraphics:xmlgraphics-commons,org.apache.xmlgraphics.image.rendered,Any2LsRGBRed,1255,0,177,0,150,0,97,0,6,0
org.apache.xmlgraphics:xmlgraphics-commons,org.apache.xmlgraphics.image.loader,ImageFlavor.__CLR4_4_1727727lde038oh.new InvocationHandler() {...},39,0,2,0,1,0,3,0,2,0
org.apache.xmlgraphics:xmlgraphics-commons,org.apache.xmlgraphics.image.loader,SimpleRefinedImageFlavor.__CLR4_4_17bo7bolde038q8,93,35,1,1,0,1,3,1,2,1
org.apache.xmlgraphics:xmlgraphics-commons,org.apache.xmlgraphics.image.loader,ImageSize,198,298,8,4,27,55,12,17,6,17
org.apache.xmlgraphics:xmlgraphics-commons,org.apache.xmlgraphics.image.loader,RefinedImageFlavor.__CLR4_4_17bb7bblde038q8.new InvocationHandler() {...},39,0,2,0,1,0,3,0,2,0
org.apache.xmlgraphics:xmlgraphics-commons,org.apache.xmlgraphics.image.loader,ImageException.__CLR4_4_1723723lde038o2.new InvocationHandler() {...},39,0,2,0,1,0,3,0,2,0
org.apache.xmlgraphics:xmlgraphics-commons,org.apache.xmlgraphics.image.loader,SubImageNotFoundException,28,0,0,0,5,0,3,0,3,0
org.apache.xmlgraphics:xmlgraphics-commons,org.apache.xmlgraphics.image.loader,ImageException.__CLR4_4_1723723lde038o2,93,35,1,1,0,1,3,1,2,1
org.apache.xmlgraphics:xmlgraphics-commons,org.apache.xmlgraphics.image.loader,ImageSource,131,98,29,5,12,19,20,6,3,6
org.apache.xmlgraphics:xmlgraphics-commons,org.apache.xmlgraphics.image.loader,ImageException,13,15,0,0,2,3,1,2,1,2
org.apache.xmlgraphics:xmlgraphics-commons,org.apache.xmlgraphics.image.loader,XMLNamespaceEnabledImageFlavor.__CLR4_4_17bu7bulde038qo.new InvocationHandler() {...},39,0,2,0,1,0,3,0,2,0
org.apache.xmlgraphics:xmlgraphics-commons,org.apache.xmlgraphics.image.loader,ImageFlavor.__CLR4_4_1727727lde038oh,93,35,1,1,0,1,3,1,2,1
org.apache.xmlgraphics:xmlgraphics-commons,org.apache.xmlgraphics.image.loader,SimpleRefinedImageFlavor,0,16,0,0,0,3,0,2,0,2
org.apache.xmlgraphics:xmlgraphics-commons,org.apache.xmlgraphics.image.loader,SubImageNotFoundException.__CLR4_4_17bq7bqlde038qo,128,0,2,0,1,0,4,0,3,0
org.apache.xmlgraphics:xmlgraphics-commons,org.apache.xmlgraphics.image.loader,SubImageNotFoundException.__CLR4_4_17bq7bqlde038qo.new InvocationHandler() {...},39,0,2,0,1,0,3,0,2,0
org.apache.xmlgraphics:xmlgraphics-commons,org.apache.xmlgraphics.image.loader,RefinedImageFlavor.__CLR4_4_17bb7bblde038q8,93,35,1,1,0,1,3,1,2,1
org.apache.xmlgraphics:xmlgraphics-commons,org.apache.xmlgraphics.image.loader,ImageInfo,25,112,0,0,3,26,1,8,1,8
org.apache.xmlgraphics:xmlgraphics-commons,org.apache.xmlgraphics.image.loader,XMLNamespaceEnabledImageFlavor,239,51,64,0,17,8,34,3,2,3
org.apache.xmlgraphics:xmlgraphics-commons,org.apache.xmlgraphics.image.loader,ImageInfo.__CLR4_4_173g73glde038oh.new InvocationHandler() {...},39,0,2,0,1,0,3,0,2,0
org.apache.xmlgraphics:xmlgraphics-commons,org.apache.xmlgraphics.image.loader,MimeEnabledImageFlavor.__CLR4_4_17af7aflde038ps,93,35,1,1,0,1,3,1,2,1
org.apache.xmlgraphics:xmlgraphics-commons,org.apache.xmlgraphics.image.loader,ImageSource.__CLR4_4_179p79plde038ps,93,35,1,1,0,1,3,1,2,1
org.apache.xmlgraphics:xmlgraphics-commons,org.apache.xmlgraphics.image.loader,ImageSource.__CLR4_4_179p79plde038ps.new InvocationHandler() {...},39,0,2,0,1,0,3,0,2,0
org.apache.xmlgraphics:xmlgraphics-commons,org.apache.xmlgraphics.image.loader,ImageManager.__CLR4_4_173x73xlde038ox,93,35,1,1,0,1,3,1,2,1
org.apache.xmlgraphics:xmlgraphics-commons,org.apache.xmlgraphics.image.loader,ImageManager,428,798,141,73,24,104,104,22,3,16
org.apache.xmlgraphics:xmlgraphics-commons,org.apache.xmlgraphics.image.loader,ImageManager.__CLR4_4_173x73xlde038ox.new InvocationHandler() {...},39,0,2,0,1,0,3,0,2,0
org.apache.xmlgraphics:xmlgraphics-commons,org.apache.xmlgraphics.image.loader,ImageFlavor,87,343,43,27,3,51,32,12,0,9
org.apache.xmlgraphics:xmlgraphics-commons,org.apache.xmlgraphics.image.loader,XMLNamespaceEnabledImageFlavor.__CLR4_4_17bu7bulde038qo,93,35,1,1,0,1,3,1,2,1
org.apache.xmlgraphics:xmlgraphics-commons,org.apache.xmlgraphics.image.loader,ImageSize.__CLR4_4_177z77zlde038pd,93,35,1,1,0,1,3,1,2,1
org.apache.xmlgraphics:xmlgraphics-commons,org.apache.xmlgraphics.image.loader,MimeEnabledImageFlavor,105,179,45,19,4,20,30,7,0,5
org.apache.xmlgraphics:xmlgraphics-commons,org.apache.xmlgraphics.image.loader,ImageSize.__CLR4_4_177z77zlde038pd.new InvocationHandler() {...},39,0,2,0,1,0,3,0,2,0
org.apache.xmlgraphics:xmlgraphics-commons,org.apache.xmlgraphics.image.loader,MimeEnabledImageFlavor.__CLR4_4_17af7aflde038ps.new InvocationHandler() {...},39,0,2,0,1,0,3,0,2,0
org.apache.xmlgraphics:xmlgraphics-commons,org.apache.xmlgraphics.image.loader,ImageInfo.__CLR4_4_173g73glde038oh,93,35,1,1,0,1,3,1,2,1
org.apache.xmlgraphics:xmlgraphics-commons,org.apache.xmlgraphics.image.loader,SimpleRefinedImageFlavor.__CLR4_4_17bo7bolde038q8.new InvocationHandler() {...},39,0,2,0,1,0,3,0,2,0
org.apache.xmlgraphics:xmlgraphics-commons,org.apache.xmlgraphics.image.loader,RefinedImageFlavor,14,85,0,4,2,17,1,8,1,6
org.apache.xmlgraphics:xmlgraphics-commons,org.apache.xmlgraphics.image.loader,ImageProcessingHints,0,15,0,0,0,7,0,1,0,1
org.apache.xmlgraphics:xmlgraphics-commons,org.apache.xmlgraphics.java2d,TransformType,124,53,18,0,21,10,14,2,3,2
org.apache.xmlgraphics:xmlgraphics-commons,org.apache.xmlgraphics.java2d,AbstractGraphicsConfiguration,24,6,0,0,6,1,2,2,2,2
org.apache.xmlgraphics:xmlgraphics-commons,org.apache.xmlgraphics.java2d,Dimension2DDouble.__CLR4_4_1bbtbbtlde039km.new InvocationHandler() {...},39,0,2,0,1,0,3,0,2,0
org.apache.xmlgraphics:xmlgraphics-commons,org.apache.xmlgraphics.java2d,GraphicsConfigurationWithTransparency,49,166,8,12,9,22,11,9,3,7
org.apache.xmlgraphics:xmlgraphics-commons,org.apache.xmlgraphics.java2d,GraphicsConfigurationWithoutTransparency.__CLR4_4_1bj9bj9lde039mc,93,35,1,1,0,1,3,1,2,1
org.apache.xmlgraphics:xmlgraphics-commons,org.apache.xmlgraphics.java2d,GraphicContext.__CLR4_4_1bd6bd6lde039lx,93,35,1,1,0,1,3,1,2,1
org.apache.xmlgraphics:xmlgraphics-commons,org.apache.xmlgraphics.java2d,AbstractGraphics2D.__CLR4_4_1b4tb4tlde039jq.new InvocationHandler() {...},39,0,2,0,1,0,3,0,2,0
org.apache.xmlgraphics:xmlgraphics-commons,org.apache.xmlgraphics.java2d,GenericGraphicsDevice.__CLR4_4_1bcubculde039l1.new InvocationHandler() {...},39,0,2,0,1,0,3,0,2,0
org.apache.xmlgraphics:xmlgraphics-commons,org.apache.xmlgraphics.java2d,GraphicsConfigurationWithTransparency.__CLR4_4_1bilbillde039mc.new InvocationHandler() {...},39,0,2,0,1,0,3,0,2,0
org.apache.xmlgraphics:xmlgraphics-commons,org.apache.xmlgraphics.java2d,GraphicContext,1123,443,177,29,139,73,130,15,28,14
org.apache.xmlgraphics:xmlgraphics-commons,org.apache.xmlgraphics.java2d,TransformStackElement.new TransformStackElement() {...},26,0,2,0,4,0,3,0,2,0
org.apache.xmlgraphics:xmlgraphics-commons,org.apache.xmlgraphics.java2d,TransformStackElement.new TransformStackElement() {...},31,0,4,0,4,0,4,0,2,0
org.apache.xmlgraphics:xmlgraphics-commons,org.apache.xmlgraphics.java2d,TransformStackElement.new TransformStackElement() {...},31,0,4,0,4,0,4,0,2,0
org.apache.xmlgraphics:xmlgraphics-commons,org.apache.xmlgraphics.java2d,TransformStackElement.new TransformStackElement() {...},31,0,4,0,4,0,4,0,2,0
org.apache.xmlgraphics:xmlgraphics-commons,org.apache.xmlgraphics.java2d,TransformStackElement.new TransformStackElement() {...},50,5,12,0,3,1,7,1,1,1
org.apache.xmlgraphics:xmlgraphics-commons,org.apache.xmlgraphics.java2d,StrokingTextHandler.__CLR4_4_1bjxbjxlde039mc.new InvocationHandler() {...},39,0,2,0,1,0,3,0,2,0
org.apache.xmlgraphics:xmlgraphics-commons,org.apache.xmlgraphics.java2d,AbstractGraphicsConfiguration.__CLR4_4_1ba7ba7lde039k6,128,0,2,0,1,0,4,0,3,0
org.apache.xmlgraphics:xmlgraphics-commons,org.apache.xmlgraphics.java2d,StrokingTextHandler,0,51,0,0,0,10,0,3,0,3
org.apache.xmlgraphics:xmlgraphics-commons,org.apache.xmlgraphics.java2d,AbstractGraphics2D,1364,168,60,0,210,37,79,13,49,13
org.apache.xmlgraphics:xmlgraphics-commons,org.apache.xmlgraphics.java2d,StrokingTextHandler.__CLR4_4_1bjxbjxlde039mc,93,35,1,1,0,1,3,1,2,1
org.apache.xmlgraphics:xmlgraphics-commons,org.apache.xmlgraphics.java2d,TransformStackElement.__CLR4_4_1bk4bk4lde039ms.new InvocationHandler() {...},39,0,2,0,1,0,3,0,2,0
org.apache.xmlgraphics:xmlgraphics-commons,org.apache.xmlgraphics.java2d,DefaultGraphics2D.__CLR4_4_1barbarlde039km.new InvocationHandler() {...},39,0,2,0,1,0,3,0,2,0
org.apache.xmlgraphics:xmlgraphics-commons,org.apache.xmlgraphics.java2d,CMYKColorSpace.__CLR4_4_1babbablde039k6,128,0,2,0,1,0,4,0,3,0
org.apache.xmlgraphics:xmlgraphics-commons,org.apache.xmlgraphics.java2d,GraphicsConfigurationWithoutTransparency.__CLR4_4_1bj9bj9lde039mc.new InvocationHandler() {...},39,0,2,0,1,0,3,0,2,0
org.apache.xmlgraphics:xmlgraphics-commons,org.apache.xmlgraphics.java2d,TransformType.__CLR4_4_1bm2bm2lde039n7,93,35,1,1,0,1,3,1,2,1
org.apache.xmlgraphics:xmlgraphics-commons,org.apache.xmlgraphics.java2d,Dimension2DDouble.__CLR4_4_1bbtbbtlde039km,93,35,1,1,0,1,3,1,2,1
org.apache.xmlgraphics:xmlgraphics-commons,org.apache.xmlgraphics.java2d,GraphicContext.__CLR4_4_1bd6bd6lde039lx.new InvocationHandler() {...},39,0,2,0,1,0,3,0,2,0
org.apache.xmlgraphics:xmlgraphics-commons,org.apache.xmlgraphics.java2d,TransformStackElement,437,51,25,0,64,10,24,3,10,3
org.apache.xmlgraphics:xmlgraphics-commons,org.apache.xmlgraphics.java2d,GraphicsConfigurationWithoutTransparency,49,153,8,12,9,23,11,9,3,7
org.apache.xmlgraphics:xmlgraphics-commons,org.apache.xmlgraphics.java2d,GenericGraphicsDevice.__CLR4_4_1bcubculde039l1,128,0,2,0,1,0,4,0,3,0
org.apache.xmlgraphics:xmlgraphics-commons,org.apache.xmlgraphics.java2d,CMYKColorSpace,156,0,10,0,20,0,12,0,7,0
org.apache.xmlgraphics:xmlgraphics-commons,org.apache.xmlgraphics.java2d,DefaultGraphics2D.__CLR4_4_1barbarlde039km,128,0,2,0,1,0,4,0,3,0
org.apache.xmlgraphics:xmlgraphics-commons,org.apache.xmlgraphics.java2d,DefaultGraphics2D,263,0,0,0,54,0,17,0,17,0
org.apache.xmlgraphics:xmlgraphics-commons,org.apache.xmlgraphics.java2d,AbstractGraphicsConfiguration.__CLR4_4_1ba7ba7lde039k6.new InvocationHandler() {...},39,0,2,0,1,0,3,0,2,0
org.apache.xmlgraphics:xmlgraphics-commons,org.apache.xmlgraphics.java2d,TransformType.__CLR4_4_1bm2bm2lde039n7.new InvocationHandler() {...},39,0,2,0,1,0,3,0,2,0
org.apache.xmlgraphics:xmlgraphics-commons,org.apache.xmlgraphics.java2d,AbstractGraphics2D.__CLR4_4_1b4tb4tlde039jq,93,35,1,1,0,1,3,1,2,1
org.apache.xmlgraphics:xmlgraphics-commons,org.apache.xmlgraphics.java2d,CMYKColorSpace.__CLR4_4_1babbablde039k6.new InvocationHandler() {...},39,0,2,0,1,0,3,0,2,0
org.apache.xmlgraphics:xmlgraphics-commons,org.apache.xmlgraphics.java2d,TransformStackElement.__CLR4_4_1bk4bk4lde039ms,93,35,1,1,0,1,3,1,2,1
org.apache.xmlgraphics:xmlgraphics-commons,org.apache.xmlgraphics.java2d,GraphicsConfigurationWithTransparency.__CLR4_4_1bilbillde039mc,93,35,1,1,0,1,3,1,2,1
org.apache.xmlgraphics:xmlgraphics-commons,org.apache.xmlgraphics.java2d,Dimension2DDouble,260,49,40,0,27,11,25,4,5,4
org.apache.xmlgraphics:xmlgraphics-commons,org.apache.xmlgraphics.java2d,GenericGraphicsDevice,86,0,0,0,19,0,7,0,7,0
org.apache.xmlgraphics:xmlgraphics-commons,org.apache.xmlgraphics.image.writer.internal,TIFFImageWriter.__CLR4_4_1azpazplde039h5,93,35,1,1,0,1,3,1,2,1
org.apache.xmlgraphics:xmlgraphics-commons,org.apache.xmlgraphics.image.writer.internal,PNGImageWriter.__CLR4_4_1aziazilde039gp.new InvocationHandler() {...},39,0,2,0,1,0,3,0,2,0
org.apache.xmlgraphics:xmlgraphics-commons,org.apache.xmlgraphics.image.writer.internal,TIFFImageWriter,348,18,30,0,39,4,20,3,5,3
org.apache.xmlgraphics:xmlgraphics-commons,org.apache.xmlgraphics.image.writer.internal,TIFFImageWriter.TIFFMultiImageWriter,139,0,20,0,16,0,13,0,3,0
org.apache.xmlgraphics:xmlgraphics-commons,org.apache.xmlgraphics.image.writer.internal,PNGImageWriter,35,18,0,0,7,4,2,3,2,3
org.apache.xmlgraphics:xmlgraphics-commons,org.apache.xmlgraphics.image.writer.internal,TIFFImageWriter.__CLR4_4_1azpazplde039h5.new InvocationHandler() {...},39,0,2,0,1,0,3,0,2,0
org.apache.xmlgraphics:xmlgraphics-commons,org.apache.xmlgraphics.image.writer.internal,PNGImageWriter.__CLR4_4_1aziazilde039gp,93,35,1,1,0,1,3,1,2,1
org.apache.xmlgraphics:xmlgraphics-commons,org.apache.xmlgraphics.io,XmlSourceUtil,93,642,80,96,3,67,73,23,1,7
org.apache.xmlgraphics:xmlgraphics-commons,org.apache.xmlgraphics.io,TempResourceURIGenerator.__CLR4_4_1b1ib1ilde039i0,93,35,1,1,0,1,3,1,2,1
org.apache.xmlgraphics:xmlgraphics-commons,org.apache.xmlgraphics.io,XmlSourceUtil.__CLR4_4_1b29b29lde039ig,93,35,1,1,0,1,3,1,2,1
org.apache.xmlgraphics:xmlgraphics-commons,org.apache.xmlgraphics.io,TempResourceURIGenerator,0,86,0,0,0,14,0,5,0,5
org.apache.xmlgraphics:xmlgraphics-commons,org.apache.xmlgraphics.io,Resource.__CLR4_4_1b1bb1blde039h5,128,0,2,0,1,0,4,0,3,0
org.apache.xmlgraphics:xmlgraphics-commons,org.apache.xmlgraphics.io,Resource,47,0,0,0,9,0,4,0,4,0
org.apache.xmlgraphics:xmlgraphics-commons,org.apache.xmlgraphics.io,Resource.__CLR4_4_1b1bb1blde039h5.new InvocationHandler() {...},39,0,2,0,1,0,3,0,2,0
org.apache.xmlgraphics:xmlgraphics-commons,org.apache.xmlgraphics.io,URIResolverAdapter,142,0,10,0,22,0,9,0,4,0
org.apache.xmlgraphics:xmlgraphics-commons,org.apache.xmlgraphics.io,URIResolverAdapter.__CLR4_4_1b1rb1rlde039i0.new InvocationHandler() {...},39,0,2,0,1,0,3,0,2,0
org.apache.xmlgraphics:xmlgraphics-commons,org.apache.xmlgraphics.io,XmlSourceUtil.__CLR4_4_1b29b29lde039ig.new InvocationHandler() {...},39,0,2,0,1,0,3,0,2,0
org.apache.xmlgraphics:xmlgraphics-commons,org.apache.xmlgraphics.io,TempResourceURIGenerator.__CLR4_4_1b1ib1ilde039i0.new InvocationHandler() {...},39,0,2,0,1,0,3,0,2,0
org.apache.xmlgraphics:xmlgraphics-commons,org.apache.xmlgraphics.io,URIResolverAdapter.__CLR4_4_1b1rb1rlde039i0,128,0,2,0,1,0,4,0,3,0
org.apache.xmlgraphics:xmlgraphics-commons,org.apache.xmlgraphics.image.codec.util,SimpleRenderedImage,1070,133,104,0,136,30,77,11,25,11
org.apache.xmlgraphics:xmlgraphics-commons,org.apache.xmlgraphics.image.codec.util,MemoryCacheSeekableStream,297,351,79,35,25,39,58,7,3,5
org.apache.xmlgraphics:xmlgraphics-commons,org.apache.xmlgraphics.image.codec.util,SimpleRenderedImage.__CLR4_4_16xq6xqlde038n7.new InvocationHandler() {...},39,0,2,0,1,0,3,0,2,0
org.apache.xmlgraphics:xmlgraphics-commons,org.apache.xmlgraphics.image.codec.util,ImageInputStreamSeekableStreamAdapter.__CLR4_4_16p36p3lde038kl,93,35,1,1,0,1,3,1,2,1
org.apache.xmlgraphics:xmlgraphics-commons,org.apache.xmlgraphics.image.codec.util,SimpleRenderedImage.__CLR4_4_16xq6xqlde038n7,93,35,1,1,0,1,3,1,2,1
org.apache.xmlgraphics:xmlgraphics-commons,org.apache.xmlgraphics.image.codec.util,ImageDecoderImpl.__CLR4_4_16o66o6lde038k5.new InvocationHandler() {...},39,0,2,0,1,0,3,0,2,0
org.apache.xmlgraphics:xmlgraphics-commons,org.apache.xmlgraphics.image.codec.util,SeekableStream,1153,404,198,18,137,58,129,12,20,12
org.apache.xmlgraphics:xmlgraphics-commons,org.apache.xmlgraphics.image.codec.util,ImageEncoderImpl.__CLR4_4_16or6orlde038kl.new InvocationHandler() {...},39,0,2,0,1,0,3,0,2,0
org.apache.xmlgraphics:xmlgraphics-commons,org.apache.xmlgraphics.image.codec.util,MemoryCacheSeekableStream.__CLR4_4_16pi6pilde038l0.new InvocationHandler() {...},39,0,2,0,1,0,3,0,2,0
org.apache.xmlgraphics:xmlgraphics-commons,org.apache.xmlgraphics.image.codec.util,SeekableOutputStream,143,0,10,0,27,0,14,0,9,0
org.apache.xmlgraphics:xmlgraphics-commons,org.apache.xmlgraphics.image.codec.util,SeekableStream.__CLR4_4_16sa6salde038mr.new InvocationHandler() {...},39,0,2,0,1,0,3,0,2,0
org.apache.xmlgraphics:xmlgraphics-commons,org.apache.xmlgraphics.image.codec.util,FileCacheSeekableStream,642,0,104,0,68,0,61,0,9,0
org.apache.xmlgraphics:xmlgraphics-commons,org.apache.xmlgraphics.image.codec.util,ImageDecoderImpl.__CLR4_4_16o66o6lde038k5,93,35,1,1,0,1,3,1,2,1
org.apache.xmlgraphics:xmlgraphics-commons,org.apache.xmlgraphics.image.codec.util,PropertyUtil.__CLR4_4_16rl6rllde038lg,93,35,1,1,0,1,3,1,2,1
org.apache.xmlgraphics:xmlgraphics-commons,org.apache.xmlgraphics.image.codec.util,FileCacheSeekableStream.__CLR4_4_16ku6kulde038ja,128,0,2,0,1,0,4,0,3,0
org.apache.xmlgraphics:xmlgraphics-commons,org.apache.xmlgraphics.image.codec.util,PropertyUtil.__CLR4_4_16rl6rllde038lg.new InvocationHandler() {...},39,0,2,0,1,0,3,0,2,0
org.apache.xmlgraphics:xmlgraphics-commons,org.apache.xmlgraphics.image.codec.util,SeekableStream.__CLR4_4_16sa6salde038mr,93,35,1,1,0,1,3,1,2,1
org.apache.xmlgraphics:xmlgraphics-commons,org.apache.xmlgraphics.image.codec.util,FileCacheSeekableStream.__CLR4_4_16ku6kulde038ja.new InvocationHandler() {...},39,0,2,0,1,0,3,0,2,0
org.apache.xmlgraphics:xmlgraphics-commons,org.apache.xmlgraphics.image.codec.util,ImageEncoderImpl.__CLR4_4_16or6orlde038kl,93,35,1,1,0,1,3,1,2,1
org.apache.xmlgraphics:xmlgraphics-commons,org.apache.xmlgraphics.image.codec.util,SingleTileRenderedImage,119,0,12,0,15,0,9,0,3,0
org.apache.xmlgraphics:xmlgraphics-commons,org.apache.xmlgraphics.image.codec.util,SeekableOutputStream.__CLR4_4_16rq6rqlde038lg.new InvocationHandler() {...},39,0,2,0,1,0,3,0,2,0
org.apache.xmlgraphics:xmlgraphics-commons,org.apache.xmlgraphics.image.codec.util,ForwardSeekableStream,153,189,31,9,18,31,25,8,5,8
org.apache.xmlgraphics:xmlgraphics-commons,org.apache.xmlgraphics.image.codec.util,ImageInputStreamSeekableStreamAdapter.__CLR4_4_16p36p3lde038kl.new InvocationHandler() {...},39,0,2,0,1,0,3,0,2,0
org.apache.xmlgraphics:xmlgraphics-commons,org.apache.xmlgraphics.image.codec.util,ImageEncoderImpl,59,23,0,0,13,5,4,2,4,2
org.apache.xmlgraphics:xmlgraphics-commons,org.apache.xmlgraphics.image.codec.util,ForwardSeekableStream.__CLR4_4_16my6mylde038ja,93,35,1,1,0,1,3,1,2,1
org.apache.xmlgraphics:xmlgraphics-commons,org.apache.xmlgraphics.image.codec.util,ImageDecoderImpl,104,40,0,0,23,8,7,3,7,3
org.apache.xmlgraphics:xmlgraphics-commons,org.apache.xmlgraphics.image.codec.util,ImageInputStreamSeekableStreamAdapter,0,104,0,0,0,23,0,8,0,8
org.apache.xmlgraphics:xmlgraphics-commons,org.apache.xmlgraphics.image.codec.util,MemoryCacheSeekableStream.__CLR4_4_16pi6pilde038l0,93,35,1,1,0,1,3,1,2,1
org.apache.xmlgraphics:xmlgraphics-commons,org.apache.xmlgraphics.image.codec.util,SingleTileRenderedImage.__CLR4_4_171p71plde038nm,128,0,2,0,1,0,4,0,3,0
org.apache.xmlgraphics:xmlgraphics-commons,org.apache.xmlgraphics.image.codec.util,SingleTileRenderedImage.__CLR4_4_171p71plde038nm.new InvocationHandler() {...},39,0,2,0,1,0,3,0,2,0
org.apache.xmlgraphics:xmlgraphics-commons,org.apache.xmlgraphics.image.codec.util,PropertyUtil,16,28,0,0,4,7,1,2,1,2
org.apache.xmlgraphics:xmlgraphics-commons,org.apache.xmlgraphics.image.codec.util,SeekableOutputStream.__CLR4_4_16rq6rqlde038lg,128,0,2,0,1,0,4,0,3,0
org.apache.xmlgraphics:xmlgraphics-commons,org.apache.xmlgraphics.image.codec.util,ForwardSeekableStream.__CLR4_4_16my6mylde038ja.new InvocationHandler() {...},39,0,2,0,1,0,3,0,2,0
org.apache.xmlgraphics:xmlgraphics-commons,org.apache.xmlgraphics.image.loader.impl.imageio,PreloaderImageIO.__CLR4_4_199s99slde0395u.new InvocationHandler() {...},39,0,2,0,1,0,3,0,2,0
org.apache.xmlgraphics:xmlgraphics-commons,org.apache.xmlgraphics.image.loader.impl.imageio,ImageLoaderImageIO.__CLR4_4_193k93klde0395f,93,35,1,1,0,1,3,1,2,1
org.apache.xmlgraphics:xmlgraphics-commons,org.apache.xmlgraphics.image.loader.impl.imageio,ImageLoaderFactoryImageIO.__CLR4_4_193c93clde0394k,93,35,1,1,0,1,3,1,2,1
org.apache.xmlgraphics:xmlgraphics-commons,org.apache.xmlgraphics.image.loader.impl.imageio,ImageIOUtil.__CLR4_4_191s91slde03944,93,35,1,1,0,1,3,1,2,1
org.apache.xmlgraphics:xmlgraphics-commons,org.apache.xmlgraphics.image.loader.impl.imageio,PreloaderImageIO.__CLR4_4_199s99slde0395u,93,35,1,1,0,1,3,1,2,1
org.apache.xmlgraphics:xmlgraphics-commons,org.apache.xmlgraphics.image.loader.impl.imageio,ImageIOUtil.__CLR4_4_191s91slde03944.new InvocationHandler() {...},39,0,2,0,1,0,3,0,2,0
org.apache.xmlgraphics:xmlgraphics-commons,org.apache.xmlgraphics.image.loader.impl.imageio,ImageLoaderImageIO,667,1109,192,114,67,144,139,25,1,9
org.apache.xmlgraphics:xmlgraphics-commons,org.apache.xmlgraphics.image.loader.impl.imageio,ImageLoaderFactoryImageIO.__CLR4_4_193c93clde0394k.new InvocationHandler() {...},39,0,2,0,1,0,3,0,2,0
org.apache.xmlgraphics:xmlgraphics-commons,org.apache.xmlgraphics.image.loader.impl.imageio,ImageLoaderFactoryImageIO,1,73,1,1,0,14,1,6,0,6
org.apache.xmlgraphics:xmlgraphics-commons,org.apache.xmlgraphics.image.loader.impl.imageio,ImageLoaderImageIO.__CLR4_4_193k93klde0395f.new InvocationHandler() {...},39,0,2,0,1,0,3,0,2,0
org.apache.xmlgraphics:xmlgraphics-commons,org.apache.xmlgraphics.image.loader.impl.imageio,ImageIOUtil,167,280,39,39,23,29,37,8,3,3
org.apache.xmlgraphics:xmlgraphics-commons,org.apache.xmlgraphics.image.loader.impl.imageio,PreloaderImageIO,142,269,53,19,10,37,36,4,0,4
org.apache.xmlgraphics:xmlgraphics-commons,org.apache.xmlgraphics.ps.dsc.events,DSCCommentPageBoundingBox,38,0,0,0,8,0,4,0,4,0
org.apache.xmlgraphics:xmlgraphics-commons,org.apache.xmlgraphics.ps.dsc.events,DSCCommentPage.__CLR4_4_1eyweywlde03a7z.new InvocationHandler() {...},39,0,2,0,1,0,3,0,2,0
org.apache.xmlgraphics:xmlgraphics-commons,org.apache.xmlgraphics.ps.dsc.events,DSCCommentLanguageLevel,76,49,10,0,11,12,8,5,3,5
org.apache.xmlgraphics:xmlgraphics-commons,org.apache.xmlgraphics.ps.dsc.events,UnparsedDSCComment,84,78,12,0,9,19,9,7,3,7
org.apache.xmlgraphics:xmlgraphics-commons,org.apache.xmlgraphics.ps.dsc.events,AbstractDSCComment.__CLR4_4_1endendlde03a4b.new InvocationHandler() {...},39,0,2,0,1,0,3,0,2,0
org.apache.xmlgraphics:xmlgraphics-commons,org.apache.xmlgraphics.ps.dsc.events,AbstractDSCComment,167,525,58,59,24,72,50,23,1,9
org.apache.xmlgraphics:xmlgraphics-commons,org.apache.xmlgraphics.ps.dsc.events,PostScriptLine,50,29,0,0,12,7,4,3,4,3
org.apache.xmlgraphics:xmlgraphics-commons,org.apache.xmlgraphics.ps.dsc.events,DSCCommentDocumentNeededResources.__CLR4_4_1ex5ex5lde03a6o.new InvocationHandler() {...},39,0,2,0,1,0,3,0,2,0
org.apache.xmlgraphics:xmlgraphics-commons,org.apache.xmlgraphics.ps.dsc.events,AbstractResourcesDSCComment.__CLR4_4_1errerrlde03a4q,93,35,1,1,0,1,3,1,2,1
org.apache.xmlgraphics:xmlgraphics-commons,org.apache.xmlgraphics.ps.dsc.events,DSCCommentEndOfFile.__CLR4_4_1exoexolde03a74.new InvocationHandler() {...},39,0,2,0,1,0,3,0,2,0
org.apache.xmlgraphics:xmlgraphics-commons,org.apache.xmlgraphics.ps.dsc.events,DSCCommentBoundingBox.__CLR4_4_1ewgewglde03a69.new InvocationHandler() {...},39,0,2,0,1,0,3,0,2,0
org.apache.xmlgraphics:xmlgraphics-commons,org.apache.xmlgraphics.ps.dsc.events,DSCCommentPages.__CLR4_4_1f07f07lde03a8f.new InvocationHandler() {...},39,0,2,0,1,0,3,0,2,0
org.apache.xmlgraphics:xmlgraphics-commons,org.apache.xmlgraphics.ps.dsc.events,DSCCommentPage,220,0,10,0,40,0,17,0,12,0
org.apache.xmlgraphics:xmlgraphics-commons,org.apache.xmlgraphics.ps.dsc.events,DSCHeaderComment.__CLR4_4_1f15f15lde03a9i.new InvocationHandler() {...},39,0,2,0,1,0,3,0,2,0
org.apache.xmlgraphics:xmlgraphics-commons,org.apache.xmlgraphics.ps.dsc.events,DSCCommentPageHiResBoundingBox.__CLR4_4_1ezvezvlde03a8f.new InvocationHandler() {...},39,0,2,0,1,0,3,0,2,0
org.apache.xmlgraphics:xmlgraphics-commons,org.apache.xmlgraphics.ps.dsc.events,DSCCommentBoundingBox.__CLR4_4_1ewgewglde03a69,93,35,1,1,0,1,3,1,2,1
org.apache.xmlgraphics:xmlgraphics-commons,org.apache.xmlgraphics.ps.dsc.events,UnparsedDSCComment.__CLR4_4_1f27f27lde03aa2,93,35,1,1,0,1,3,1,2,1
org.apache.xmlgraphics:xmlgraphics-commons,org.apache.xmlgraphics.ps.dsc.events,PostScriptLine.__CLR4_4_1f1vf1vlde03a9v.new InvocationHandler() {...},39,0,2,0,1,0,3,0,2,0
org.apache.xmlgraphics:xmlgraphics-commons,org.apache.xmlgraphics.ps.dsc.events,DSCHeaderComment.__CLR4_4_1f15f15lde03a9i,93,35,1,1,0,1,3,1,2,1
org.apache.xmlgraphics:xmlgraphics-commons,org.apache.xmlgraphics.ps.dsc.events,DSCCommentPageBoundingBox.__CLR4_4_1ezpezplde03a7z.new InvocationHandler() {...},39,0,2,0,1,0,3,0,2,0
org.apache.xmlgraphics:xmlgraphics-commons,org.apache.xmlgraphics.ps.dsc.events,DSCCommentEndOfFile.__CLR4_4_1exoexolde03a74,93,35,1,1,0,1,3,1,2,1
org.apache.xmlgraphics:xmlgraphics-commons,org.apache.xmlgraphics.ps.dsc.events,DSCCommentEndComments.__CLR4_4_1exhexhlde03a6o,93,35,1,1,0,1,3,1,2,1
org.apache.xmlgraphics:xmlgraphics-commons,org.apache.xmlgraphics.ps.dsc.events,DSCCommentBeginResource,144,14,10,0,22,3,11,2,6,2
org.apache.xmlgraphics:xmlgraphics-commons,org.apache.xmlgraphics.ps.dsc.events,AbstractResourcesDSCComment.__CLR4_4_1errerrlde03a4q.new InvocationHandler() {...},39,0,2,0,1,0,3,0,2,0
org.apache.xmlgraphics:xmlgraphics-commons,org.apache.xmlgraphics.ps.dsc.events,AbstractResourceDSCComment,290,103,54,6,27,16,34,3,4,3
org.apache.xmlgraphics:xmlgraphics-commons,org.apache.xmlgraphics.ps.dsc.events,DSCCommentDocumentSuppliedResources.__CLR4_4_1exbexblde03a6o,93,35,1,1,0,1,3,1,2,1
org.apache.xmlgraphics:xmlgraphics-commons,org.apache.xmlgraphics.ps.dsc.events,DSCAtend.__CLR4_4_1eu6eu6lde03a56,128,0,2,0,1,0,4,0,3,0
org.apache.xmlgraphics:xmlgraphics-commons,org.apache.xmlgraphics.ps.dsc.events,DSCCommentBoundingBox,132,103,10,0,18,18,9,5,4,5
org.apache.xmlgraphics:xmlgraphics-commons,org.apache.xmlgraphics.ps.dsc.events,PostScriptLine.__CLR4_4_1f1vf1vlde03a9v,93,35,1,1,0,1,3,1,2,1
org.apache.xmlgraphics:xmlgraphics-commons,org.apache.xmlgraphics.ps.dsc.events,DSCAtend.__CLR4_4_1eu6eu6lde03a56.new InvocationHandler() {...},39,0,2,0,1,0,3,0,2,0
org.apache.xmlgraphics:xmlgraphics-commons,org.apache.xmlgraphics.ps.dsc.events,AbstractEvent.__CLR4_4_1eq5eq5lde03a4b.new InvocationHandler() {...},39,0,2,0,1,0,3,0,2,0
org.apache.xmlgraphics:xmlgraphics-commons,org.apache.xmlgraphics.ps.dsc.events,PostScriptComment.__CLR4_4_1f1hf1hlde03a9o,93,35,1,1,0,1,3,1,2,1
org.apache.xmlgraphics:xmlgraphics-commons,org.apache.xmlgraphics.ps.dsc.events,DSCCommentDocumentSuppliedResources.__CLR4_4_1exbexblde03a6o.new InvocationHandler() {...},39,0,2,0,1,0,3,0,2,0
org.apache.xmlgraphics:xmlgraphics-commons,org.apache.xmlgraphics.ps.dsc.events,AbstractDSCComment.__CLR4_4_1endendlde03a4b,93,35,1,1,0,1,3,1,2,1
org.apache.xmlgraphics:xmlgraphics-commons,org.apache.xmlgraphics.ps.dsc.events,DSCHeaderComment,62,29,0,0,12,7,4,3,4,3
org.apache.xmlgraphics:xmlgraphics-commons,org.apache.xmlgraphics.ps.dsc.events,DSCCommentEndOfFile,25,36,0,0,6,9,2,5,2,5
org.apache.xmlgraphics:xmlgraphics-commons,org.apache.xmlgraphics.ps.dsc.events,DSCCommentHiResBoundingBox.__CLR4_4_1exxexxlde03a74.new InvocationHandler() {...},39,0,2,0,1,0,3,0,2,0
org.apache.xmlgraphics:xmlgraphics-commons,org.apache.xmlgraphics.ps.dsc.events,DSCCommentBeginResource.__CLR4_4_1evvevvlde03a5t,93,35,1,1,0,1,3,1,2,1
org.apache.xmlgraphics:xmlgraphics-commons,org.apache.xmlgraphics.ps.dsc.events,DSCCommentEndComments,25,24,0,0,6,6,2,4,2,4
org.apache.xmlgraphics:xmlgraphics-commons,org.apache.xmlgraphics.ps.dsc.events,DSCCommentDocumentSuppliedResources,24,14,0,0,5,3,2,2,2,2
org.apache.xmlgraphics:xmlgraphics-commons,org.apache.xmlgraphics.ps.dsc.events,DSCCommentPage.__CLR4_4_1eyweywlde03a7z,128,0,2,0,1,0,4,0,3,0
org.apache.xmlgraphics:xmlgraphics-commons,org.apache.xmlgraphics.ps.dsc.events,DSCCommentBeginDocument.__CLR4_4_1eujeujlde03a5t,128,0,2,0,1,0,4,0,3,0
org.apache.xmlgraphics:xmlgraphics-commons,org.apache.xmlgraphics.ps.dsc.events,AbstractResourceDSCComment.__CLR4_4_1eqheqhlde03a4q.new InvocationHandler() {...},39,0,2,0,1,0,3,0,2,0
org.apache.xmlgraphics:xmlgraphics-commons,org.apache.xmlgraphics.ps.dsc.events,DSCCommentTitle.__CLR4_4_1f0qf0qlde03a8v.new InvocationHandler() {...},39,0,2,0,1,0,3,0,2,0
org.apache.xmlgraphics:xmlgraphics-commons,org.apache.xmlgraphics.ps.dsc.events,DSCCommentBeginDocument.__CLR4_4_1eujeujlde03a5t.new InvocationHandler() {...},39,0,2,0,1,0,3,0,2,0
org.apache.xmlgraphics:xmlgraphics-commons,org.apache.xmlgraphics.ps.dsc.events,PostScriptComment,41,71,7,5,4,14,6,6,1,5
org.apache.xmlgraphics:xmlgraphics-commons,org.apache.xmlgraphics.ps.dsc.events,DSCCommentPageHiResBoundingBox,38,0,0,0,8,0,4,0,4,0
org.apache.xmlgraphics:xmlgraphics-commons,org.apache.xmlgraphics.ps.dsc.events,DSCCommentHiResBoundingBox.__CLR4_4_1exxexxlde03a74,93,35,1,1,0,1,3,1,2,1
org.apache.xmlgraphics:xmlgraphics-commons,org.apache.xmlgraphics.ps.dsc.events,DSCCommentDocumentNeededResources,38,0,0,0,8,0,4,0,4,0
org.apache.xmlgraphics:xmlgraphics-commons,org.apache.xmlgraphics.ps.dsc.events,DSCCommentPageResources.__CLR4_4_1f01f01lde03a8f,128,0,2,0,1,0,4,0,3,0
org.apache.xmlgraphics:xmlgraphics-commons,org.apache.xmlgraphics.ps.dsc.events,AbstractResourceDSCComment.__CLR4_4_1eqheqhlde03a4q,93,35,1,1,0,1,3,1,2,1
org.apache.xmlgraphics:xmlgraphics-commons,org.apache.xmlgraphics.ps.dsc.events,DSCCommentPages,112,32,10,0,19,8,11,3,6,3
org.apache.xmlgraphics:xmlgraphics-commons,org.apache.xmlgraphics.ps.dsc.events,DSCCommentEndComments.__CLR4_4_1exhexhlde03a6o.new InvocationHandler() {...},39,0,2,0,1,0,3,0,2,0
org.apache.xmlgraphics:xmlgraphics-commons,org.apache.xmlgraphics.ps.dsc.events,DSCCommentLanguageLevel.__CLR4_4_1eyfeyflde03a7k.new InvocationHandler() {...},39,0,2,0,1,0,3,0,2,0
org.apache.xmlgraphics:xmlgraphics-commons,org.apache.xmlgraphics.ps.dsc.events,DSCCommentBeginResource.__CLR4_4_1evvevvlde03a5t.new InvocationHandler() {...},39,0,2,0,1,0,3,0,2,0
org.apache.xmlgraphics:xmlgraphics-commons,org.apache.xmlgraphics.ps.dsc.events,DSCCommentPageResources,38,0,0,0,8,0,4,0,4,0
org.apache.xmlgraphics:xmlgraphics-commons,org.apache.xmlgraphics.ps.dsc.events,DSCCommentTitle.__CLR4_4_1f0qf0qlde03a8v,93,35,1,1,0,1,3,1,2,1
org.apache.xmlgraphics:xmlgraphics-commons,org.apache.xmlgraphics.ps.dsc.events,DSCCommentPageResources.__CLR4_4_1f01f01lde03a8f.new InvocationHandler() {...},39,0,2,0,1,0,3,0,2,0
org.apache.xmlgraphics:xmlgraphics-commons,org.apache.xmlgraphics.ps.dsc.events,DSCCommentBeginDocument,363,0,52,0,47,0,37,0,11,0
org.apache.xmlgraphics:xmlgraphics-commons,org.apache.xmlgraphics.ps.dsc.events,DSCCommentDocumentNeededResources.__CLR4_4_1ex5ex5lde03a6o,128,0,2,0,1,0,4,0,3,0
org.apache.xmlgraphics:xmlgraphics-commons,org.apache.xmlgraphics.ps.dsc.events,DSCAtend,88,0,0,0,21,0,8,0,8,0
org.apache.xmlgraphics:xmlgraphics-commons,org.apache.xmlgraphics.ps.dsc.events,AbstractEvent.__CLR4_4_1eq5eq5lde03a4b,93,35,1,1,0,1,3,1,2,1
org.apache.xmlgraphics:xmlgraphics-commons,org.apache.xmlgraphics.ps.dsc.events,PostScriptComment.__CLR4_4_1f1hf1hlde03a9o.new InvocationHandler() {...},39,0,2,0,1,0,3,0,2,0
org.apache.xmlgraphics:xmlgraphics-commons,org.apache.xmlgraphics.ps.dsc.events,AbstractResourcesDSCComment,408,291,87,27,39,40,60,7,5,5
org.apache.xmlgraphics:xmlgraphics-commons,org.apache.xmlgraphics.ps.dsc.events,DSCCommentLanguageLevel.__CLR4_4_1eyfeyflde03a7k,93,35,1,1,0,1,3,1,2,1
org.apache.xmlgraphics:xmlgraphics-commons,org.apache.xmlgraphics.ps.dsc.events,DSCCommentIncludeResource.__CLR4_4_1ey9ey9lde03a7k.new InvocationHandler() {...},39,0,2,0,1,0,3,0,2,0
org.apache.xmlgraphics:xmlgraphics-commons,org.apache.xmlgraphics.ps.dsc.events,UnparsedDSCComment.__CLR4_4_1f27f27lde03aa2.new InvocationHandler() {...},39,0,2,0,1,0,3,0,2,0
org.apache.xmlgraphics:xmlgraphics-commons,org.apache.xmlgraphics.ps.dsc.events,DSCCommentIncludeResource,38,0,0,0,8,0,4,0,4,0
org.apache.xmlgraphics:xmlgraphics-commons,org.apache.xmlgraphics.ps.dsc.events,DSCCommentPageHiResBoundingBox.__CLR4_4_1ezvezvlde03a8f,128,0,2,0,1,0,4,0,3,0
org.apache.xmlgraphics:xmlgraphics-commons,org.apache.xmlgraphics.ps.dsc.events,DSCCommentHiResBoundingBox,98,26,10,0,11,6,7,3,2,3
org.apache.xmlgraphics:xmlgraphics-commons,org.apache.xmlgraphics.ps.dsc.events,DSCCommentIncludeResource.__CLR4_4_1ey9ey9lde03a7k,128,0,2,0,1,0,4,0,3,0
org.apache.xmlgraphics:xmlgraphics-commons,org.apache.xmlgraphics.ps.dsc.events,DSCCommentTitle,66,38,0,0,15,8,5,3,5,3
org.apache.xmlgraphics:xmlgraphics-commons,org.apache.xmlgraphics.ps.dsc.events,DSCCommentPageBoundingBox.__CLR4_4_1ezpezplde03a7z,128,0,2,0,1,0,4,0,3,0
org.apache.xmlgraphics:xmlgraphics-commons,org.apache.xmlgraphics.ps.dsc.events,DSCCommentPages.__CLR4_4_1f07f07lde03a8f,93,35,1,1,0,1,3,1,2,1
org.apache.xmlgraphics:xmlgraphics-commons,org.apache.xmlgraphics.ps.dsc.events,AbstractEvent,54,30,0,0,12,7,4,4,4,4
org.apache.xmlgraphics:xmlgraphics-commons,org.apache.xmlgraphics.util.uri,CommonURIResolver,52,162,12,10,9,26,11,6,1,5
org.apache.xmlgraphics:xmlgraphics-commons,org.apache.xmlgraphics.util.uri,DataURLUtil,11,101,4,6,2,15,5,4,1,3
org.apache.xmlgraphics:xmlgraphics-commons,org.apache.xmlgraphics.util.uri,DataURLUtil.__CLR4_4_1gcsgcslde03al0,93,35,1,1,0,1,3,1,2,1
org.apache.xmlgraphics:xmlgraphics-commons,org.apache.xmlgraphics.util.uri,CommonURIResolver.DefaultInstanceHolder,0,5,0,0,0,1,0,1,0,1
[...]
org.apache.xmlgraphics:xmlgraphics-commons,org.apache.xmlgraphics.fonts,Glyphs.__CLR4_4_100lde037dx.new InvocationHandler() {...},39,0,2,0,1,0,3,0,2,0
org.apache.xmlgraphics:xmlgraphics-commons,org.apache.xmlgraphics.fonts,Glyphs.__CLR4_4_100lde037dx,93,35,1,1,0,1,3,1,2,1
org.apache.xmlgraphics:xmlgraphics-commons,org.apache.xmlgraphics.fonts,Glyphs,470,6751,156,94,33,216,116,19,4,6
org.apache.xmlgraphics:xmlgraphics-commons,org.apache.xmlgraphics.ps,PSDictionary.Maker,1054,0,216,0,81,0,113,0,5,0
org.apache.xmlgraphics:xmlgraphics-commons,org.apache.xmlgraphics.ps,DSCConstants.__CLR4_4_1crscrslde039u5,93,35,1,1,0,1,3,1,2,1
org.apache.xmlgraphics:xmlgraphics-commons,org.apache.xmlgraphics.ps,PSProcSets,56,29,0,0,14,7,5,1,5,1
org.apache.xmlgraphics:xmlgraphics-commons,org.apache.xmlgraphics.ps,DSCConstants.__CLR4_4_1crscrslde039u5.new InvocationHandler() {...},39,0,2,0,1,0,3,0,2,0
org.apache.xmlgraphics:xmlgraphics-commons,org.apache.xmlgraphics.ps,PSProcSet,96,28,0,0,15,5,4,2,4,2
org.apache.xmlgraphics:xmlgraphics-commons,org.apache.xmlgraphics.ps,PSResource,102,190,31,9,8,31,20,9,1,8
org.apache.xmlgraphics:xmlgraphics-commons,org.apache.xmlgraphics.ps,ImageFormGenerator.__CLR4_4_1d1ld1llde039vg,93,35,1,1,0,1,3,1,2,1
org.apache.xmlgraphics:xmlgraphics-commons,org.apache.xmlgraphics.ps,PSDictionaryFormatException.__CLR4_4_1d83d83lde039wc,128,0,2,0,1,0,4,0,3,0
org.apache.xmlgraphics:xmlgraphics-commons,org.apache.xmlgraphics.ps,PSState.__CLR4_4_1e6we6wlde03a0o.new InvocationHandler() {...},39,0,2,0,1,0,3,0,2,0
org.apache.xmlgraphics:xmlgraphics-commons,org.apache.xmlgraphics.ps,ImageEncodingHelper,1132,1300,339,133,87,153,229,32,4,18
org.apache.xmlgraphics:xmlgraphics-commons,org.apache.xmlgraphics.ps,PSPageDeviceDictionary,145,178,50,14,11,25,33,7,2,6
org.apache.xmlgraphics:xmlgraphics-commons,org.apache.xmlgraphics.ps,ImageEncodingHelper.__CLR4_4_1ct3ct3lde039v1,93,35,1,1,0,1,3,1,2,1
org.apache.xmlgraphics:xmlgraphics-commons,org.apache.xmlgraphics.ps,ImageEncodingHelper.RenderedImageEncoder,3,124,4,8,0,18,4,5,0,3
org.apache.xmlgraphics:xmlgraphics-commons,org.apache.xmlgraphics.ps,PSState,531,186,102,6,58,29,63,5,9,5
org.apache.xmlgraphics:xmlgraphics-commons,org.apache.xmlgraphics.ps,PSResource.__CLR4_4_1e5ue5ulde03a0o.new InvocationHandler() {...},39,0,2,0,1,0,3,0,2,0
org.apache.xmlgraphics:xmlgraphics-commons,org.apache.xmlgraphics.ps,PSDictionary.Maker.Token,9,0,0,0,3,0,1,0,1,0
org.apache.xmlgraphics:xmlgraphics-commons,org.apache.xmlgraphics.ps,FormGenerator,50,284,14,6,6,42,12,7,2,7
org.apache.xmlgraphics:xmlgraphics-commons,org.apache.xmlgraphics.ps,PSGenerator.__CLR4_4_1db0db0lde039y2,93,35,1,1,0,1,3,1,2,1
org.apache.xmlgraphics:xmlgraphics-commons,org.apache.xmlgraphics.ps,DSCConstants.AtendIndicator,0,23,0,0,0,5,0,2,0,2
org.apache.xmlgraphics:xmlgraphics-commons,org.apache.xmlgraphics.ps,PSProcSet.__CLR4_4_1dz6dz6lde039zt,93,35,1,1,0,1,3,1,2,1
org.apache.xmlgraphics:xmlgraphics-commons,org.apache.xmlgraphics.ps,PSPageDeviceDictionary.__CLR4_4_1dy1dy1lde039zd,93,35,1,1,0,1,3,1,2,1
org.apache.xmlgraphics:xmlgraphics-commons,org.apache.xmlgraphics.ps,PSFontUtils,798,0,134,0,85,0,74,0,6,0
org.apache.xmlgraphics:xmlgraphics-commons,org.apache.xmlgraphics.ps,PSProcSet.__CLR4_4_1dz6dz6lde039zt.new InvocationHandler() {...},39,0,2,0,1,0,3,0,2,0
org.apache.xmlgraphics:xmlgraphics-commons,org.apache.xmlgraphics.ps,PSDictionaryFormatException,15,0,0,0,3,0,2,0,2,0
org.apache.xmlgraphics:xmlgraphics-commons,org.apache.xmlgraphics.ps,FormGenerator.__CLR4_4_1crxcrxlde039u5,93,35,1,1,0,1,3,1,2,1
org.apache.xmlgraphics:xmlgraphics-commons,org.apache.xmlgraphics.ps,PSProcSets.__CLR4_4_1dzmdzmlde03a08.new InvocationHandler() {...},39,0,2,0,1,0,3,0,2,0
org.apache.xmlgraphics:xmlgraphics-commons,org.apache.xmlgraphics.ps,PSImageUtils,2713,1127,415,73,273,129,257,19,16,14
org.apache.xmlgraphics:xmlgraphics-commons,org.apache.xmlgraphics.ps,ImageEncodingHelper.__CLR4_4_1ct3ct3lde039v1.new InvocationHandler() {...},39,0,2,0,1,0,3,0,2,0
org.apache.xmlgraphics:xmlgraphics-commons,org.apache.xmlgraphics.ps,PSImageUtils.__CLR4_4_1dkzdkzlde039zd.new InvocationHandler() {...},39,0,2,0,1,0,3,0,2,0
org.apache.xmlgraphics:xmlgraphics-commons,org.apache.xmlgraphics.ps,PSProcSets.__CLR4_4_1dzmdzmlde03a08,93,35,1,1,0,1,3,1,2,1
org.apache.xmlgraphics:xmlgraphics-commons,org.apache.xmlgraphics.ps,PSState.__CLR4_4_1e6we6wlde03a0o,93,35,1,1,0,1,3,1,2,1
org.apache.xmlgraphics:xmlgraphics-commons,org.apache.xmlgraphics.ps,PSDictionary.__CLR4_4_1d3id3ilde039wc,93,35,1,1,0,1,3,1,2,1
org.apache.xmlgraphics:xmlgraphics-commons,org.apache.xmlgraphics.ps,PSDictionary,330,136,57,11,32,14,35,5,3,3
org.apache.xmlgraphics:xmlgraphics-commons,org.apache.xmlgraphics.ps,PSFontUtils.__CLR4_4_1d85d85lde039wr,128,0,2,0,1,0,4,0,3,0
org.apache.xmlgraphics:xmlgraphics-commons,org.apache.xmlgraphics.ps,DSCConstants,8,8,0,0,2,2,1,1,1,1
org.apache.xmlgraphics:xmlgraphics-commons,org.apache.xmlgraphics.ps,PSImageUtils.__CLR4_4_1dkzdkzlde039zd,93,35,1,1,0,1,3,1,2,1
org.apache.xmlgraphics:xmlgraphics-commons,org.apache.xmlgraphics.ps,PSDictionaryFormatException.__CLR4_4_1d83d83lde039wc.new InvocationHandler() {...},39,0,2,0,1,0,3,0,2,0
org.apache.xmlgraphics:xmlgraphics-commons,org.apache.xmlgraphics.ps,PSPageDeviceDictionary.__CLR4_4_1dy1dy1lde039zd.new InvocationHandler() {...},39,0,2,0,1,0,3,0,2,0
org.apache.xmlgraphics:xmlgraphics-commons,org.apache.xmlgraphics.ps,PSDictionary.__CLR4_4_1d3id3ilde039wc.new InvocationHandler() {...},39,0,2,0,1,0,3,0,2,0
org.apache.xmlgraphics:xmlgraphics-commons,org.apache.xmlgraphics.ps,FormGenerator.__CLR4_4_1crxcrxlde039u5.new InvocationHandler() {...},39,0,2,0,1,0,3,0,2,0
org.apache.xmlgraphics:xmlgraphics-commons,org.apache.xmlgraphics.ps,PSProcSets.EPSProcSet,208,14,0,0,32,2,1,1,1,1
org.apache.xmlgraphics:xmlgraphics-commons,org.apache.xmlgraphics.ps,PSFontUtils.__CLR4_4_1d85d85lde039wr.new InvocationHandler() {...},39,0,2,0,1,0,3,0,2,0
org.apache.xmlgraphics:xmlgraphics-commons,org.apache.xmlgraphics.ps,PSImageUtils.new ImageEncoder() {...},67,0,10,0,9,0,8,0,3,0
org.apache.xmlgraphics:xmlgraphics-commons,org.apache.xmlgraphics.ps,PSImageUtils.new ImageEncoder() {...},67,0,10,0,9,0,8,0,3,0
org.apache.xmlgraphics:xmlgraphics-commons,org.apache.xmlgraphics.ps,PSResource.__CLR4_4_1e5ue5ulde03a0o,93,35,1,1,0,1,3,1,2,1
org.apache.xmlgraphics:xmlgraphics-commons,org.apache.xmlgraphics.ps,ImageFormGenerator,96,493,47,33,3,56,37,11,0,8
org.apache.xmlgraphics:xmlgraphics-commons,org.apache.xmlgraphics.ps,ImageFormGenerator.__CLR4_4_1d1ld1llde039vg.new InvocationHandler() {...},39,0,2,0,1,0,3,0,2,0
org.apache.xmlgraphics:xmlgraphics-commons,org.apache.xmlgraphics.ps,PSProcSets.StdProcSet,972,234,6,6,155,30,6,4,1,3
org.apache.xmlgraphics:xmlgraphics-commons,org.apache.xmlgraphics.ps,PSGenerator.__CLR4_4_1db0db0lde039y2.new InvocationHandler() {...},39,0,2,0,1,0,3,0,2,0
org.apache.xmlgraphics:xmlgraphics-commons,org.apache.xmlgraphics.ps,PSGenerator,1843,1258,390,83,180,178,257,45,30,32
org.apache.xmlgraphics:xmlgraphics-commons,org.apache.xmlgraphics.image.loader.spi,ImageImplRegistry,314,1183,151,123,12,141,120,35,0,18
org.apache.xmlgraphics:xmlgraphics-commons,org.apache.xmlgraphics.image.loader.spi,ImageImplRegistry.ImageLoaderFactoryComparator,0,93,0,0,0,13,0,2,0,2
org.apache.xmlgraphics:xmlgraphics-commons,org.apache.xmlgraphics.image.loader.spi,ImageImplRegistry.__CLR4_4_19ke9kelde0397l.new InvocationHandler() {...},39,0,2,0,1,0,3,0,2,0
org.apache.xmlgraphics:xmlgraphics-commons,org.apache.xmlgraphics.image.loader.spi,ImageImplRegistry.PreloaderHolder,23,0,0,0,3,0,1,0,1,0
org.apache.xmlgraphics:xmlgraphics-commons,org.apache.xmlgraphics.image.loader.spi,ImageImplRegistry.new Comparator() {...},3,121,4,6,0,14,4,3,0,2
org.apache.xmlgraphics:xmlgraphics-commons,org.apache.xmlgraphics.image.loader.spi,ImageImplRegistry.__CLR4_4_19ke9kelde0397l,93,35,1,1,0,1,3,1,2,1
org.apache.xmlgraphics:xmlgraphics-commons,org.apache.xmlgraphics.image.loader.spi,ImageImplRegistry.MyIterator,30,52,7,3,4,9,6,3,1,3
org.apache.xmlgraphics:xmlgraphics-commons,org.apache.xmlgraphics.xmp.merge,MergeRuleSet.__CLR4_4_1h5ph5plde03aow,93,35,1,1,0,1,3,1,2,1
org.apache.xmlgraphics:xmlgraphics-commons,org.apache.xmlgraphics.xmp.merge,MergeRuleSet,47,36,10,0,4,8,6,3,1,3
org.apache.xmlgraphics:xmlgraphics-commons,org.apache.xmlgraphics.xmp.merge,NoReplacePropertyMerger,45,6,10,0,5,1,6,2,1,2
org.apache.xmlgraphics:xmlgraphics-commons,org.apache.xmlgraphics.xmp.merge,ArrayAddPropertyMerger,170,6,40,0,13,1,21,2,1,2
org.apache.xmlgraphics:xmlgraphics-commons,org.apache.xmlgraphics.xmp.merge,ReplacePropertyMerger.__CLR4_4_1h63h63lde03apc.new InvocationHandler() {...},39,0,2,0,1,0,3,0,2,0
org.apache.xmlgraphics:xmlgraphics-commons,org.apache.xmlgraphics.xmp.merge,ReplacePropertyMerger,12,6,0,0,3,1,1,2,1,2
org.apache.xmlgraphics:xmlgraphics-commons,org.apache.xmlgraphics.xmp.merge,ArrayAddPropertyMerger.__CLR4_4_1h55h55lde03aoh,128,0,2,0,1,0,4,0,3,0
org.apache.xmlgraphics:xmlgraphics-commons,org.apache.xmlgraphics.xmp.merge,ArrayAddPropertyMerger.__CLR4_4_1h55h55lde03aoh.new InvocationHandler() {...},39,0,2,0,1,0,3,0,2,0
org.apache.xmlgraphics:xmlgraphics-commons,org.apache.xmlgraphics.xmp.merge,NoReplacePropertyMerger.__CLR4_4_1h5xh5xlde03aow,128,0,2,0,1,0,4,0,3,0
org.apache.xmlgraphics:xmlgraphics-commons,org.apache.xmlgraphics.xmp.merge,MergeRuleSet.__CLR4_4_1h5ph5plde03aow.new InvocationHandler() {...},39,0,2,0,1,0,3,0,2,0
org.apache.xmlgraphics:xmlgraphics-commons,org.apache.xmlgraphics.xmp.merge,ReplacePropertyMerger.__CLR4_4_1h63h63lde03apc,128,0,2,0,1,0,4,0,3,0
org.apache.xmlgraphics:xmlgraphics-commons,org.apache.xmlgraphics.xmp.merge,NoReplacePropertyMerger.__CLR4_4_1h5xh5xlde03aow.new InvocationHandler() {...},39,0,2,0,1,0,3,0,2,0
org.apache.xmlgraphics:xmlgraphics-commons,org.apache.xmlgraphics.java2d.color,RenderingIntent,77,103,13,2,8,14,10,3,1,3
org.apache.xmlgraphics:xmlgraphics-commons,org.apache.xmlgraphics.java2d.color,AbstractDeviceSpecificColorSpace,0,16,0,0,0,3,0,2,0,2
org.apache.xmlgraphics:xmlgraphics-commons,org.apache.xmlgraphics.java2d.color,NamedColorSpace.__CLR4_4_1bxzbxzlde039pt.new InvocationHandler() {...},39,0,2,0,1,0,3,0,2,0
org.apache.xmlgraphics:xmlgraphics-commons,org.apache.xmlgraphics.java2d.color,ColorUtil,417,284,77,43,33,26,58,9,4,3
org.apache.xmlgraphics:xmlgraphics-commons,org.apache.xmlgraphics.java2d.color,AbstractDeviceSpecificColorSpace.__CLR4_4_1bmnbmnlde039n7,93,35,1,1,0,1,3,1,2,1
org.apache.xmlgraphics:xmlgraphics-commons,org.apache.xmlgraphics.java2d.color,GrayScaleColorConverter.__CLR4_4_1bwtbwtlde039pe,93,35,1,1,0,1,3,1,2,1
org.apache.xmlgraphics:xmlgraphics-commons,org.apache.xmlgraphics.java2d.color,ColorWithAlternatives,527,111,99,9,51,15,61,7,9,5
org.apache.xmlgraphics:xmlgraphics-commons,org.apache.xmlgraphics.java2d.color,GrayScaleColorConverter,0,63,0,0,0,13,0,4,0,4
org.apache.xmlgraphics:xmlgraphics-commons,org.apache.xmlgraphics.java2d.color,ColorSpaces.new ColorSpaceOrigin() {...},24,3,0,0,6,1,2,1,2,1
org.apache.xmlgraphics:xmlgraphics-commons,org.apache.xmlgraphics.java2d.color,ColorSpaces,98,110,28,12,11,16,22,5,3,4
org.apache.xmlgraphics:xmlgraphics-commons,org.apache.xmlgraphics.java2d.color,ColorSpaces.__CLR4_4_1bqpbqplde039oi,93,35,1,1,0,1,3,1,2,1
org.apache.xmlgraphics:xmlgraphics-commons,org.apache.xmlgraphics.java2d.color,DefaultColorConverter,39,0,0,0,10,0,4,0,4,0
org.apache.xmlgraphics:xmlgraphics-commons,org.apache.xmlgraphics.java2d.color,GrayScaleColorConverter.__CLR4_4_1bwtbwtlde039pe.new InvocationHandler() {...},39,0,2,0,1,0,3,0,2,0
org.apache.xmlgraphics:xmlgraphics-commons,org.apache.xmlgraphics.java2d.color,ICCColorSpaceWithIntent.__CLR4_4_1bwzbwzlde039pt.new InvocationHandler() {...},39,0,2,0,1,0,3,0,2,0
org.apache.xmlgraphics:xmlgraphics-commons,org.apache.xmlgraphics.java2d.color,AbstractDeviceSpecificColorSpace.__CLR4_4_1bmnbmnlde039n7.new InvocationHandler() {...},39,0,2,0,1,0,3,0,2,0
org.apache.xmlgraphics:xmlgraphics-commons,org.apache.xmlgraphics.java2d.color,CIELabColorSpace.__CLR4_4_1bmpbmplde039nn,93,35,1,1,0,1,3,1,2,1
org.apache.xmlgraphics:xmlgraphics-commons,org.apache.xmlgraphics.java2d.color,DeviceCMYKColorSpace.__CLR4_4_1bvwbvwlde039pe,93,35,1,1,0,1,3,1,2,1
org.apache.xmlgraphics:xmlgraphics-commons,org.apache.xmlgraphics.java2d.color,DeviceCMYKColorSpace,120,215,17,9,14,26,16,7,3,7
org.apache.xmlgraphics:xmlgraphics-commons,org.apache.xmlgraphics.java2d.color,DefaultColorConverter.__CLR4_4_1bvrbvrlde039oy,128,0,2,0,1,0,4,0,3,0
org.apache.xmlgraphics:xmlgraphics-commons,org.apache.xmlgraphics.java2d.color,DefaultColorConverter.__CLR4_4_1bvrbvrlde039oy.new InvocationHandler() {...},39,0,2,0,1,0,3,0,2,0
org.apache.xmlgraphics:xmlgraphics-commons,org.apache.xmlgraphics.java2d.color,RenderingIntent.__CLR4_4_1c0ec0elde039q9,93,35,1,1,0,1,3,1,2,1
org.apache.xmlgraphics:xmlgraphics-commons,org.apache.xmlgraphics.java2d.color,ICCColorSpaceWithIntent,277,0,28,0,43,0,25,0,9,0
org.apache.xmlgraphics:xmlgraphics-commons,org.apache.xmlgraphics.java2d.color,ICCColorSpaceWithIntent.__CLR4_4_1bwzbwzlde039pt,128,0,2,0,1,0,4,0,3,0
org.apache.xmlgraphics:xmlgraphics-commons,org.apache.xmlgraphics.java2d.color,ColorUtil.__CLR4_4_1brkbrklde039oi.new InvocationHandler() {...},39,0,2,0,1,0,3,0,2,0
org.apache.xmlgraphics:xmlgraphics-commons,org.apache.xmlgraphics.java2d.color,CIELabColorSpace,642,629,101,35,65,81,71,22,7,15
org.apache.xmlgraphics:xmlgraphics-commons,org.apache.xmlgraphics.java2d.color,ColorUtil.__CLR4_4_1brkbrklde039oi,93,35,1,1,0,1,3,1,2,1
org.apache.xmlgraphics:xmlgraphics-commons,org.apache.xmlgraphics.java2d.color,ColorSpaces.__CLR4_4_1bqpbqplde039oi.new InvocationHandler() {...},39,0,2,0,1,0,3,0,2,0
org.apache.xmlgraphics:xmlgraphics-commons,org.apache.xmlgraphics.java2d.color,ColorWithAlternatives.__CLR4_4_1btkbtklde039oy,93,35,1,1,0,1,3,1,2,1
org.apache.xmlgraphics:xmlgraphics-commons,org.apache.xmlgraphics.java2d.color,CIELabColorSpace.__CLR4_4_1bmpbmplde039nn.new InvocationHandler() {...},39,0,2,0,1,0,3,0,2,0
org.apache.xmlgraphics:xmlgraphics-commons,org.apache.xmlgraphics.java2d.color,NamedColorSpace.__CLR4_4_1bxzbxzlde039pt,93,35,1,1,0,1,3,1,2,1
org.apache.xmlgraphics:xmlgraphics-commons,org.apache.xmlgraphics.java2d.color,NamedColorSpace,365,358,56,28,47,44,51,12,11,10
org.apache.xmlgraphics:xmlgraphics-commons,org.apache.xmlgraphics.java2d.color,RenderingIntent.__CLR4_4_1c0ec0elde039q9.new InvocationHandler() {...},39,0,2,0,1,0,3,0,2,0
org.apache.xmlgraphics:xmlgraphics-commons,org.apache.xmlgraphics.java2d.color,DeviceCMYKColorSpace.__CLR4_4_1bvwbvwlde039pe.new InvocationHandler() {...},39,0,2,0,1,0,3,0,2,0
org.apache.xmlgraphics:xmlgraphics-commons,org.apache.xmlgraphics.java2d.color,ColorWithAlternatives.__CLR4_4_1btkbtklde039oy.new InvocationHandler() {...},39,0,2,0,1,0,3,0,2,0
org.apache.xmlgraphics:xmlgraphics-commons,org.apache.xmlgraphics.java2d.ps,PSDocumentGraphics2D.__CLR4_4_1c8qc8qlde039rz,128,0,2,0,1,0,4,0,3,0
org.apache.xmlgraphics:xmlgraphics-commons,org.apache.xmlgraphics.java2d.ps,PSGraphics2D.__CLR4_4_1c9zc9zlde039sv.new InvocationHandler() {...},39,0,2,0,1,0,3,0,2,0
org.apache.xmlgraphics:xmlgraphics-commons,org.apache.xmlgraphics.java2d.ps,EPSDocumentGraphics2D,283,0,20,0,31,0,15,0,5,0
org.apache.xmlgraphics:xmlgraphics-commons,org.apache.xmlgraphics.java2d.ps,EPSDocumentGraphics2D.__CLR4_4_1c7xc7xlde039rk.new InvocationHandler() {...},39,0,2,0,1,0,3,0,2,0
org.apache.xmlgraphics:xmlgraphics-commons,org.apache.xmlgraphics.java2d.ps,AbstractPSDocumentGraphics2D,563,0,66,0,75,0,47,0,14,0
org.apache.xmlgraphics:xmlgraphics-commons,org.apache.xmlgraphics.java2d.ps,AbstractPSDocumentGraphics2D.__CLR4_4_1c5xc5xlde039r4.new InvocationHandler() {...},39,0,2,0,1,0,3,0,2,0
org.apache.xmlgraphics:xmlgraphics-commons,org.apache.xmlgraphics.java2d.ps,PSGraphics2D,1044,2056,250,154,112,260,202,45,14,27
org.apache.xmlgraphics:xmlgraphics-commons,org.apache.xmlgraphics.java2d.ps,PSGraphics2D.__CLR4_4_1c9zc9zlde039sv,93,35,1,1,0,1,3,1,2,1
org.apache.xmlgraphics:xmlgraphics-commons,org.apache.xmlgraphics.java2d.ps,PSTilingPattern.__CLR4_4_1ck7ck7lde039tq.new InvocationHandler() {...},39,0,2,0,1,0,3,0,2,0
org.apache.xmlgraphics:xmlgraphics-commons,org.apache.xmlgraphics.java2d.ps,PSDocumentGraphics2D,403,0,20,0,48,0,18,0,8,0
org.apache.xmlgraphics:xmlgraphics-commons,org.apache.xmlgraphics.java2d.ps,PSTilingPattern,1418,1041,380,62,109,121,232,15,14,12
org.apache.xmlgraphics:xmlgraphics-commons,org.apache.xmlgraphics.java2d.ps,AbstractPSDocumentGraphics2D.__CLR4_4_1c5xc5xlde039r4,128,0,2,0,1,0,4,0,3,0
org.apache.xmlgraphics:xmlgraphics-commons,org.apache.xmlgraphics.java2d.ps,EPSDocumentGraphics2D.__CLR4_4_1c7xc7xlde039rk,128,0,2,0,1,0,4,0,3,0
org.apache.xmlgraphics:xmlgraphics-commons,org.apache.xmlgraphics.java2d.ps,PSDocumentGraphics2D.__CLR4_4_1c8qc8qlde039rz.new InvocationHandler() {...},39,0,2,0,1,0,3,0,2,0
org.apache.xmlgraphics:xmlgraphics-commons,org.apache.xmlgraphics.java2d.ps,PSTilingPattern.__CLR4_4_1ck7ck7lde039tq,93,35,1,1,0,1,3,1,2,1
org.apache.xmlgraphics:xmlgraphics-commons,org.apache.xmlgraphics.util.i18n,LocaleGroup.__CLR4_4_1frjfrjlde03afd,93,35,1,1,0,1,3,1,2,1
org.apache.xmlgraphics:xmlgraphics-commons,org.apache.xmlgraphics.util.i18n,LocaleGroup.__CLR4_4_1frjfrjlde03afd.new InvocationHandler() {...},39,0,2,0,1,0,3,0,2,0
org.apache.xmlgraphics:xmlgraphics-commons,org.apache.xmlgraphics.util.i18n,LocalizableSupport.__CLR4_4_1frnfrnlde03afd,93,35,1,1,0,1,3,1,2,1
org.apache.xmlgraphics:xmlgraphics-commons,org.apache.xmlgraphics.util.i18n,LocaleGroup,12,23,0,0,3,5,1,3,1,3
org.apache.xmlgraphics:xmlgraphics-commons,org.apache.xmlgraphics.util.i18n,LocalizableSupport,323,179,68,18,34,23,49,5,7,4
org.apache.xmlgraphics:xmlgraphics-commons,org.apache.xmlgraphics.util.i18n,LocalizableSupport.__CLR4_4_1frnfrnlde03afd.new InvocationHandler() {...},39,0,2,0,1,0,3,0,2,0
org.apache.xmlgraphics:xmlgraphics-commons,org.apache.xmlgraphics.image.writer.imageio,ImageIOImageWriter.IIOMultiImageWriter,312,0,52,0,32,0,29,0,3,0
org.apache.xmlgraphics:xmlgraphics-commons,org.apache.xmlgraphics.image.writer.imageio,ImageIOPNGImageWriter,0,15,0,0,0,3,0,2,0,2
org.apache.xmlgraphics:xmlgraphics-commons,org.apache.xmlgraphics.image.writer.imageio,ImageIOPNGImageWriter.__CLR4_4_1awsawslde039fu,93,35,1,1,0,1,3,1,2,1
org.apache.xmlgraphics:xmlgraphics-commons,org.apache.xmlgraphics.image.writer.imageio,ImageIOPNGImageWriter.__CLR4_4_1awsawslde039fu.new InvocationHandler() {...},39,0,2,0,1,0,3,0,2,0
org.apache.xmlgraphics:xmlgraphics-commons,org.apache.xmlgraphics.image.writer.imageio,ImageIOTIFFImageWriter.__CLR4_4_1awuawulde039gp.new InvocationHandler() {...},39,0,2,0,1,0,3,0,2,0
org.apache.xmlgraphics:xmlgraphics-commons,org.apache.xmlgraphics.image.writer.imageio,ImageIOJPEGImageWriter,164,357,47,22,14,52,34,6,0,5
org.apache.xmlgraphics:xmlgraphics-commons,org.apache.xmlgraphics.image.writer.imageio,ImageIOJPEGImageWriter.__CLR4_4_1auwauwlde039fu.new InvocationHandler() {...},39,0,2,0,1,0,3,0,2,0
org.apache.xmlgraphics:xmlgraphics-commons,org.apache.xmlgraphics.image.writer.imageio,ImageIOImageWriter.__CLR4_4_1aq9aq9lde039fe.new InvocationHandler() {...},39,0,2,0,1,0,3,0,2,0
org.apache.xmlgraphics:xmlgraphics-commons,org.apache.xmlgraphics.image.writer.imageio,ImageIOImageWriter.__CLR4_4_1aq9aq9lde039fe,93,35,1,1,0,1,3,1,2,1
org.apache.xmlgraphics:xmlgraphics-commons,org.apache.xmlgraphics.image.writer.imageio,ImageIOImageWriter,223,768,84,64,20,101,71,20,3,14
org.apache.xmlgraphics:xmlgraphics-commons,org.apache.xmlgraphics.image.writer.imageio,ImageIOTIFFImageWriter,332,466,82,22,29,70,53,10,2,9
org.apache.xmlgraphics:xmlgraphics-commons,org.apache.xmlgraphics.image.writer.imageio,ImageIOTIFFImageWriter.__CLR4_4_1awuawulde039gp,93,35,1,1,0,1,3,1,2,1
org.apache.xmlgraphics:xmlgraphics-commons,org.apache.xmlgraphics.image.writer.imageio,ImageIOJPEGImageWriter.__CLR4_4_1auwauwlde039fu,93,35,1,1,0,1,3,1,2,1
